This is pdfTeX, Version 3.14159265-2.6-1.40.19 (MiKTeX 2.9.6730 64-bit) (preloaded format=pdflatex 2018.8.24)  23 APR 2019 20:32
entering extended mode
**./732a99_cheatbook_anudi287.tex
(732a99_cheatbook_anudi287.tex
LaTeX2e <2018-04-01> patch level 5
("C:\Program Files\MiKTeX 2.9\tex\latex\base\article.cls"
Document Class: article 2014/09/29 v1.4h Standard LaTeX document class
("C:\Program Files\MiKTeX 2.9\tex\latex\base\size10.clo"
File: size10.clo 2014/09/29 v1.4h Standard LaTeX file (size option)
)
\c@part=\count80
\c@section=\count81
\c@subsection=\count82
\c@subsubsection=\count83
\c@paragraph=\count84
\c@subparagraph=\count85
\c@figure=\count86
\c@table=\count87
\abovecaptionskip=\skip41
\belowcaptionskip=\skip42
\bibindent=\dimen102
) ("C:\Program Files\MiKTeX 2.9\tex\latex\lm\lmodern.sty"
Package: lmodern 2009/10/30 v1.6 Latin Modern Fonts
LaTeX Font Info:    Overwriting symbol font `operators' in version `normal'
(Font)                  OT1/cmr/m/n --> OT1/lmr/m/n on input line 22.
LaTeX Font Info:    Overwriting symbol font `letters' in version `normal'
(Font)                  OML/cmm/m/it --> OML/lmm/m/it on input line 23.
LaTeX Font Info:    Overwriting symbol font `symbols' in version `normal'
(Font)                  OMS/cmsy/m/n --> OMS/lmsy/m/n on input line 24.
LaTeX Font Info:    Overwriting symbol font `largesymbols' in version `normal'
(Font)                  OMX/cmex/m/n --> OMX/lmex/m/n on input line 25.
LaTeX Font Info:    Overwriting symbol font `operators' in version `bold'
(Font)                  OT1/cmr/bx/n --> OT1/lmr/bx/n on input line 26.
LaTeX Font Info:    Overwriting symbol font `letters' in version `bold'
(Font)                  OML/cmm/b/it --> OML/lmm/b/it on input line 27.
LaTeX Font Info:    Overwriting symbol font `symbols' in version `bold'
(Font)                  OMS/cmsy/b/n --> OMS/lmsy/b/n on input line 28.
LaTeX Font Info:    Overwriting symbol font `largesymbols' in version `bold'
(Font)                  OMX/cmex/m/n --> OMX/lmex/m/n on input line 29.
LaTeX Font Info:    Overwriting math alphabet `\mathbf' in version `normal'
(Font)                  OT1/cmr/bx/n --> OT1/lmr/bx/n on input line 31.
LaTeX Font Info:    Overwriting math alphabet `\mathsf' in version `normal'
(Font)                  OT1/cmss/m/n --> OT1/lmss/m/n on input line 32.
LaTeX Font Info:    Overwriting math alphabet `\mathit' in version `normal'
(Font)                  OT1/cmr/m/it --> OT1/lmr/m/it on input line 33.
LaTeX Font Info:    Overwriting math alphabet `\mathtt' in version `normal'
(Font)                  OT1/cmtt/m/n --> OT1/lmtt/m/n on input line 34.
LaTeX Font Info:    Overwriting math alphabet `\mathbf' in version `bold'
(Font)                  OT1/cmr/bx/n --> OT1/lmr/bx/n on input line 35.
LaTeX Font Info:    Overwriting math alphabet `\mathsf' in version `bold'
(Font)                  OT1/cmss/bx/n --> OT1/lmss/bx/n on input line 36.
LaTeX Font Info:    Overwriting math alphabet `\mathit' in version `bold'
(Font)                  OT1/cmr/bx/it --> OT1/lmr/bx/it on input line 37.
LaTeX Font Info:    Overwriting math alphabet `\mathtt' in version `bold'
(Font)                  OT1/cmtt/m/n --> OT1/lmtt/m/n on input line 38.
) ("C:\Program Files\MiKTeX 2.9\tex\latex\amsfonts\amssymb.sty"
Package: amssymb 2013/01/14 v3.01 AMS font symbols
("C:\Program Files\MiKTeX 2.9\tex\latex\amsfonts\amsfonts.sty"
Package: amsfonts 2013/01/14 v3.01 Basic AMSFonts support
\@emptytoks=\toks14
\symAMSa=\mathgroup4
\symAMSb=\mathgroup5
LaTeX Font Info:    Overwriting math alphabet `\mathfrak' in version `bold'
(Font)                  U/euf/m/n --> U/euf/b/n on input line 106.
)) ("C:\Program Files\MiKTeX 2.9\tex\latex\amsmath\amsmath.sty"
Package: amsmath 2017/09/02 v2.17a AMS math features
\@mathmargin=\skip43
For additional information on amsmath, use the `?' option.
("C:\Program Files\MiKTeX 2.9\tex\latex\amsmath\amstext.sty"
Package: amstext 2000/06/29 v2.01 AMS text
("C:\Program Files\MiKTeX 2.9\tex\latex\amsmath\amsgen.sty"
File: amsgen.sty 1999/11/30 v2.0 generic functions
\@emptytoks=\toks15
\ex@=\dimen103
)) ("C:\Program Files\MiKTeX 2.9\tex\latex\amsmath\amsbsy.sty"
Package: amsbsy 1999/11/29 v1.2d Bold Symbols
\pmbraise@=\dimen104
) ("C:\Program Files\MiKTeX 2.9\tex\latex\amsmath\amsopn.sty"
Package: amsopn 2016/03/08 v2.02 operator names
)
\inf@bad=\count88
LaTeX Info: Redefining \frac on input line 213.
\uproot@=\count89
\leftroot@=\count90
LaTeX Info: Redefining \overline on input line 375.
\classnum@=\count91
\DOTSCASE@=\count92
LaTeX Info: Redefining \ldots on input line 472.
LaTeX Info: Redefining \dots on input line 475.
LaTeX Info: Redefining \cdots on input line 596.
\Mathstrutbox@=\box26
\strutbox@=\box27
\big@size=\dimen105
LaTeX Font Info:    Redeclaring font encoding OML on input line 712.
LaTeX Font Info:    Redeclaring font encoding OMS on input line 713.
\macc@depth=\count93
\c@MaxMatrixCols=\count94
\dotsspace@=\muskip10
\c@parentequation=\count95
\dspbrk@lvl=\count96
\tag@help=\toks16
\row@=\count97
\column@=\count98
\maxfields@=\count99
\andhelp@=\toks17
\eqnshift@=\dimen106
\alignsep@=\dimen107
\tagshift@=\dimen108
\tagwidth@=\dimen109
\totwidth@=\dimen110
\lineht@=\dimen111
\@envbody=\toks18
\multlinegap=\skip44
\multlinetaggap=\skip45
\mathdisplay@stack=\toks19
LaTeX Info: Redefining \[ on input line 2817.
LaTeX Info: Redefining \] on input line 2818.
) ("C:\Program Files\MiKTeX 2.9\tex\generic\ifxetex\ifxetex.sty"
Package: ifxetex 2010/09/12 v0.6 Provides ifxetex conditional
) ("C:\Program Files\MiKTeX 2.9\tex\generic\oberdiek\ifluatex.sty"
Package: ifluatex 2016/05/16 v1.4 Provides the ifluatex switch (HO)
Package ifluatex Info: LuaTeX not detected.
) ("C:\Program Files\MiKTeX 2.9\tex\latex\base\fixltx2e.sty"
Package: fixltx2e 2016/12/29 v2.1a fixes to LaTeX (obsolete)
Applying: [2015/01/01] Old fixltx2e package on input line 46.

Package fixltx2e Warning: fixltx2e is not required with releases after 2015
(fixltx2e)                All fixes are now in the LaTeX kernel.
(fixltx2e)                See the latexrelease package for details.

Already applied: [0000/00/00] Old fixltx2e package on input line 53.
) ("C:\Program Files\MiKTeX 2.9\tex\latex\base\fontenc.sty"
Package: fontenc 2017/04/05 v2.0i Standard LaTeX package
("C:\Program Files\MiKTeX 2.9\tex\latex\base\t1enc.def"
File: t1enc.def 2017/04/05 v2.0i Standard LaTeX file
LaTeX Font Info:    Redeclaring font encoding T1 on input line 48.
)) ("C:\Program Files\MiKTeX 2.9\tex\latex\base\inputenc.sty"
Package: inputenc 2018/04/06 v1.3b Input encoding file
\inpenc@prehook=\toks20
\inpenc@posthook=\toks21
) (C:\Users\anubh\AppData\Roaming\MiKTeX\2.9\tex\latex\upquote\upquote.sty
Package: upquote 2012/04/19 v1.3 upright-quote and grave-accent glyphs in verba
tim
("C:\Program Files\MiKTeX 2.9\tex\latex\base\textcomp.sty"
Package: textcomp 2017/04/05 v2.0i Standard LaTeX package
Package textcomp Info: Sub-encoding information:
(textcomp)               5 = only ISO-Adobe without \textcurrency
(textcomp)               4 = 5 + \texteuro
(textcomp)               3 = 4 + \textohm
(textcomp)               2 = 3 + \textestimated + \textcurrency
(textcomp)               1 = TS1 - \textcircled - \t
(textcomp)               0 = TS1 (full)
(textcomp)             Font families with sub-encoding setting implement
(textcomp)             only a restricted character set as indicated.
(textcomp)             Family '?' is the default used for unknown fonts.
(textcomp)             See the documentation for details.
Package textcomp Info: Setting ? sub-encoding to TS1/1 on input line 79.
("C:\Program Files\MiKTeX 2.9\tex\latex\base\ts1enc.def"
File: ts1enc.def 2001/06/05 v3.0e (jk/car/fm) Standard LaTeX file
Now handling font encoding TS1 ...
... processing UTF-8 mapping file for font encoding TS1
("C:\Program Files\MiKTeX 2.9\tex\latex\base\ts1enc.dfu"
File: ts1enc.dfu 2018/04/05 v1.2c UTF-8 support for inputenc
   defining Unicode char U+00A2 (decimal 162)
   defining Unicode char U+00A3 (decimal 163)
   defining Unicode char U+00A4 (decimal 164)
   defining Unicode char U+00A5 (decimal 165)
   defining Unicode char U+00A6 (decimal 166)
   defining Unicode char U+00A7 (decimal 167)
   defining Unicode char U+00A8 (decimal 168)
   defining Unicode char U+00A9 (decimal 169)
   defining Unicode char U+00AA (decimal 170)
   defining Unicode char U+00AC (decimal 172)
   defining Unicode char U+00AE (decimal 174)
   defining Unicode char U+00AF (decimal 175)
   defining Unicode char U+00B0 (decimal 176)
   defining Unicode char U+00B1 (decimal 177)
   defining Unicode char U+00B2 (decimal 178)
   defining Unicode char U+00B3 (decimal 179)
   defining Unicode char U+00B4 (decimal 180)
   defining Unicode char U+00B5 (decimal 181)
   defining Unicode char U+00B6 (decimal 182)
   defining Unicode char U+00B7 (decimal 183)
   defining Unicode char U+00B9 (decimal 185)
   defining Unicode char U+00BA (decimal 186)
   defining Unicode char U+00BC (decimal 188)
   defining Unicode char U+00BD (decimal 189)
   defining Unicode char U+00BE (decimal 190)
   defining Unicode char U+00D7 (decimal 215)
   defining Unicode char U+00F7 (decimal 247)
   defining Unicode char U+0192 (decimal 402)
   defining Unicode char U+02C7 (decimal 711)
   defining Unicode char U+02D8 (decimal 728)
   defining Unicode char U+02DD (decimal 733)
   defining Unicode char U+0E3F (decimal 3647)
   defining Unicode char U+2016 (decimal 8214)
   defining Unicode char U+2020 (decimal 8224)
   defining Unicode char U+2021 (decimal 8225)
   defining Unicode char U+2022 (decimal 8226)
   defining Unicode char U+2030 (decimal 8240)
   defining Unicode char U+2031 (decimal 8241)
   defining Unicode char U+203B (decimal 8251)
   defining Unicode char U+203D (decimal 8253)
   defining Unicode char U+2044 (decimal 8260)
   defining Unicode char U+204E (decimal 8270)
   defining Unicode char U+2052 (decimal 8274)
   defining Unicode char U+20A1 (decimal 8353)
   defining Unicode char U+20A4 (decimal 8356)
   defining Unicode char U+20A6 (decimal 8358)
   defining Unicode char U+20A9 (decimal 8361)
   defining Unicode char U+20AB (decimal 8363)
   defining Unicode char U+20AC (decimal 8364)
   defining Unicode char U+20B1 (decimal 8369)
   defining Unicode char U+2103 (decimal 8451)
   defining Unicode char U+2116 (decimal 8470)
   defining Unicode char U+2117 (decimal 8471)
   defining Unicode char U+211E (decimal 8478)
   defining Unicode char U+2120 (decimal 8480)
   defining Unicode char U+2122 (decimal 8482)
   defining Unicode char U+2126 (decimal 8486)
   defining Unicode char U+2127 (decimal 8487)
   defining Unicode char U+212E (decimal 8494)
   defining Unicode char U+2190 (decimal 8592)
   defining Unicode char U+2191 (decimal 8593)
   defining Unicode char U+2192 (decimal 8594)
   defining Unicode char U+2193 (decimal 8595)
   defining Unicode char U+2329 (decimal 9001)
   defining Unicode char U+232A (decimal 9002)
   defining Unicode char U+2422 (decimal 9250)
   defining Unicode char U+25E6 (decimal 9702)
   defining Unicode char U+25EF (decimal 9711)
   defining Unicode char U+266A (decimal 9834)
   defining Unicode char U+FEFF (decimal 65279)
))
LaTeX Info: Redefining \oldstylenums on input line 334.
Package textcomp Info: Setting cmr sub-encoding to TS1/0 on input line 349.
Package textcomp Info: Setting cmss sub-encoding to TS1/0 on input line 350.
Package textcomp Info: Setting cmtt sub-encoding to TS1/0 on input line 351.
Package textcomp Info: Setting cmvtt sub-encoding to TS1/0 on input line 352.
Package textcomp Info: Setting cmbr sub-encoding to TS1/0 on input line 353.
Package textcomp Info: Setting cmtl sub-encoding to TS1/0 on input line 354.
Package textcomp Info: Setting ccr sub-encoding to TS1/0 on input line 355.
Package textcomp Info: Setting ptm sub-encoding to TS1/4 on input line 356.
Package textcomp Info: Setting pcr sub-encoding to TS1/4 on input line 357.
Package textcomp Info: Setting phv sub-encoding to TS1/4 on input line 358.
Package textcomp Info: Setting ppl sub-encoding to TS1/3 on input line 359.
Package textcomp Info: Setting pag sub-encoding to TS1/4 on input line 360.
Package textcomp Info: Setting pbk sub-encoding to TS1/4 on input line 361.
Package textcomp Info: Setting pnc sub-encoding to TS1/4 on input line 362.
Package textcomp Info: Setting pzc sub-encoding to TS1/4 on input line 363.
Package textcomp Info: Setting bch sub-encoding to TS1/4 on input line 364.
Package textcomp Info: Setting put sub-encoding to TS1/5 on input line 365.
Package textcomp Info: Setting uag sub-encoding to TS1/5 on input line 366.
Package textcomp Info: Setting ugq sub-encoding to TS1/5 on input line 367.
Package textcomp Info: Setting ul8 sub-encoding to TS1/4 on input line 368.
Package textcomp Info: Setting ul9 sub-encoding to TS1/4 on input line 369.
Package textcomp Info: Setting augie sub-encoding to TS1/5 on input line 370.
Package textcomp Info: Setting dayrom sub-encoding to TS1/3 on input line 371.
Package textcomp Info: Setting dayroms sub-encoding to TS1/3 on input line 372.

Package textcomp Info: Setting pxr sub-encoding to TS1/0 on input line 373.
Package textcomp Info: Setting pxss sub-encoding to TS1/0 on input line 374.
Package textcomp Info: Setting pxtt sub-encoding to TS1/0 on input line 375.
Package textcomp Info: Setting txr sub-encoding to TS1/0 on input line 376.
Package textcomp Info: Setting txss sub-encoding to TS1/0 on input line 377.
Package textcomp Info: Setting txtt sub-encoding to TS1/0 on input line 378.
Package textcomp Info: Setting lmr sub-encoding to TS1/0 on input line 379.
Package textcomp Info: Setting lmdh sub-encoding to TS1/0 on input line 380.
Package textcomp Info: Setting lmss sub-encoding to TS1/0 on input line 381.
Package textcomp Info: Setting lmssq sub-encoding to TS1/0 on input line 382.
Package textcomp Info: Setting lmvtt sub-encoding to TS1/0 on input line 383.
Package textcomp Info: Setting lmtt sub-encoding to TS1/0 on input line 384.
Package textcomp Info: Setting qhv sub-encoding to TS1/0 on input line 385.
Package textcomp Info: Setting qag sub-encoding to TS1/0 on input line 386.
Package textcomp Info: Setting qbk sub-encoding to TS1/0 on input line 387.
Package textcomp Info: Setting qcr sub-encoding to TS1/0 on input line 388.
Package textcomp Info: Setting qcs sub-encoding to TS1/0 on input line 389.
Package textcomp Info: Setting qpl sub-encoding to TS1/0 on input line 390.
Package textcomp Info: Setting qtm sub-encoding to TS1/0 on input line 391.
Package textcomp Info: Setting qzc sub-encoding to TS1/0 on input line 392.
Package textcomp Info: Setting qhvc sub-encoding to TS1/0 on input line 393.
Package textcomp Info: Setting futs sub-encoding to TS1/4 on input line 394.
Package textcomp Info: Setting futx sub-encoding to TS1/4 on input line 395.
Package textcomp Info: Setting futj sub-encoding to TS1/4 on input line 396.
Package textcomp Info: Setting hlh sub-encoding to TS1/3 on input line 397.
Package textcomp Info: Setting hls sub-encoding to TS1/3 on input line 398.
Package textcomp Info: Setting hlst sub-encoding to TS1/3 on input line 399.
Package textcomp Info: Setting hlct sub-encoding to TS1/5 on input line 400.
Package textcomp Info: Setting hlx sub-encoding to TS1/5 on input line 401.
Package textcomp Info: Setting hlce sub-encoding to TS1/5 on input line 402.
Package textcomp Info: Setting hlcn sub-encoding to TS1/5 on input line 403.
Package textcomp Info: Setting hlcw sub-encoding to TS1/5 on input line 404.
Package textcomp Info: Setting hlcf sub-encoding to TS1/5 on input line 405.
Package textcomp Info: Setting pplx sub-encoding to TS1/3 on input line 406.
Package textcomp Info: Setting pplj sub-encoding to TS1/3 on input line 407.
Package textcomp Info: Setting ptmx sub-encoding to TS1/4 on input line 408.
Package textcomp Info: Setting ptmj sub-encoding to TS1/4 on input line 409.
)) (C:\Users\anubh\AppData\Roaming\MiKTeX\2.9\tex\latex\microtype\microtype.sty
Package: microtype 2018/01/14 v2.7a Micro-typographical refinements (RS)
("C:\Program Files\MiKTeX 2.9\tex\latex\graphics\keyval.sty"
Package: keyval 2014/10/28 v1.15 key=value parser (DPC)
\KV@toks@=\toks22
)
\MT@toks=\toks23
\MT@count=\count100
LaTeX Info: Redefining \textls on input line 793.
\MT@outer@kern=\dimen112
LaTeX Info: Redefining \textmicrotypecontext on input line 1339.
\MT@listname@count=\count101

(C:\Users\anubh\AppData\Roaming\MiKTeX\2.9\tex\latex\microtype\microtype-pdftex
.def
File: microtype-pdftex.def 2018/01/14 v2.7a Definitions specific to pdftex (RS)

LaTeX Info: Redefining \lsstyle on input line 913.
LaTeX Info: Redefining \lslig on input line 913.
\MT@outer@space=\skip46
)
Package microtype Info: Loading configuration file microtype.cfg.
(C:\Users\anubh\AppData\Roaming\MiKTeX\2.9\tex\latex\microtype\microtype.cfg
File: microtype.cfg 2018/01/14 v2.7a microtype main configuration file (RS)
)) ("C:\Program Files\MiKTeX 2.9\tex\latex\geometry\geometry.sty"
Package: geometry 2018/04/16 v5.8 Page Geometry
("C:\Program Files\MiKTeX 2.9\tex\generic\oberdiek\ifpdf.sty"
Package: ifpdf 2017/03/15 v3.2 Provides the ifpdf switch
) ("C:\Program Files\MiKTeX 2.9\tex\generic\oberdiek\ifvtex.sty"
Package: ifvtex 2016/05/16 v1.6 Detect VTeX and its facilities (HO)
Package ifvtex Info: VTeX not detected.
)
\Gm@cnth=\count102
\Gm@cntv=\count103
\c@Gm@tempcnt=\count104
\Gm@bindingoffset=\dimen113
\Gm@wd@mp=\dimen114
\Gm@odd@mp=\dimen115
\Gm@even@mp=\dimen116
\Gm@layoutwidth=\dimen117
\Gm@layoutheight=\dimen118
\Gm@layouthoffset=\dimen119
\Gm@layoutvoffset=\dimen120
\Gm@dimlist=\toks24
("C:\Program Files\MiKTeX 2.9\tex\latex\geometry\geometry.cfg")) ("C:\Program F
iles\MiKTeX 2.9\tex\latex\hyperref\hyperref.sty"
Package: hyperref 2018/02/06 v6.86b Hypertext links for LaTeX
("C:\Program Files\MiKTeX 2.9\tex\generic\oberdiek\hobsub-hyperref.sty"
Package: hobsub-hyperref 2016/05/16 v1.14 Bundle oberdiek, subset hyperref (HO)

("C:\Program Files\MiKTeX 2.9\tex\generic\oberdiek\hobsub-generic.sty"
Package: hobsub-generic 2016/05/16 v1.14 Bundle oberdiek, subset generic (HO)
Package: hobsub 2016/05/16 v1.14 Construct package bundles (HO)
Package: infwarerr 2016/05/16 v1.4 Providing info/warning/error messages (HO)
Package: ltxcmds 2016/05/16 v1.23 LaTeX kernel commands for general use (HO)
Package hobsub Info: Skipping package `ifluatex' (already loaded).
Package hobsub Info: Skipping package `ifvtex' (already loaded).
Package: intcalc 2016/05/16 v1.2 Expandable calculations with integers (HO)
Package hobsub Info: Skipping package `ifpdf' (already loaded).
Package: etexcmds 2016/05/16 v1.6 Avoid name clashes with e-TeX commands (HO)
Package etexcmds Info: Could not find \expanded.
(etexcmds)             That can mean that you are not using pdfTeX 1.50 or
(etexcmds)             that some package has redefined \expanded.
(etexcmds)             In the latter case, load this package earlier.
Package: kvsetkeys 2016/05/16 v1.17 Key value parser (HO)
Package: kvdefinekeys 2016/05/16 v1.4 Define keys (HO)
Package: pdftexcmds 2018/01/30 v0.27 Utility functions of pdfTeX for LuaTeX (HO
)
Package pdftexcmds Info: LuaTeX not detected.
Package pdftexcmds Info: \pdf@primitive is available.
Package pdftexcmds Info: \pdf@ifprimitive is available.
Package pdftexcmds Info: \pdfdraftmode found.
Package: pdfescape 2016/05/16 v1.14 Implements pdfTeX's escape features (HO)
Package: bigintcalc 2016/05/16 v1.4 Expandable calculations on big integers (HO
)
Package: bitset 2016/05/16 v1.2 Handle bit-vector datatype (HO)
Package: uniquecounter 2016/05/16 v1.3 Provide unlimited unique counter (HO)
)
Package hobsub Info: Skipping package `hobsub' (already loaded).
Package: letltxmacro 2016/05/16 v1.5 Let assignment for LaTeX macros (HO)
Package: hopatch 2016/05/16 v1.3 Wrapper for package hooks (HO)
Package: xcolor-patch 2016/05/16 xcolor patch
Package: atveryend 2016/05/16 v1.9 Hooks at the very end of document (HO)
Package atveryend Info: \enddocument detected (standard20110627).
Package: atbegshi 2016/06/09 v1.18 At begin shipout hook (HO)
Package: refcount 2016/05/16 v3.5 Data extraction from label references (HO)
Package: hycolor 2016/05/16 v1.8 Color options for hyperref/bookmark (HO)
) ("C:\Program Files\MiKTeX 2.9\tex\latex\oberdiek\auxhook.sty"
Package: auxhook 2016/05/16 v1.4 Hooks for auxiliary files (HO)
) ("C:\Program Files\MiKTeX 2.9\tex\latex\oberdiek\kvoptions.sty"
Package: kvoptions 2016/05/16 v3.12 Key value format for package options (HO)
)
\@linkdim=\dimen121
\Hy@linkcounter=\count105
\Hy@pagecounter=\count106
("C:\Program Files\MiKTeX 2.9\tex\latex\hyperref\pd1enc.def"
File: pd1enc.def 2018/02/06 v6.86b Hyperref: PDFDocEncoding definition (HO)
Now handling font encoding PD1 ...
... no UTF-8 mapping file for font encoding PD1
)
\Hy@SavedSpaceFactor=\count107
("C:\Program Files\MiKTeX 2.9\tex\latex\00miktex\hyperref.cfg"
File: hyperref.cfg 2002/06/06 v1.2 hyperref configuration of TeXLive
)
Package hyperref Info: Hyper figures OFF on input line 4509.
Package hyperref Info: Link nesting OFF on input line 4514.
Package hyperref Info: Hyper index ON on input line 4517.
Package hyperref Info: Plain pages OFF on input line 4524.
Package hyperref Info: Backreferencing OFF on input line 4529.
Package hyperref Info: Implicit mode ON; LaTeX internals redefined.
Package hyperref Info: Bookmarks ON on input line 4762.
\c@Hy@tempcnt=\count108
(C:\Users\anubh\AppData\Roaming\MiKTeX\2.9\tex\latex\url\url.sty
\Urlmuskip=\muskip11
Package: url 2013/09/16  ver 3.4  Verb mode for urls, etc.
)
LaTeX Info: Redefining \url on input line 5115.
\XeTeXLinkMargin=\dimen122
\Fld@menulength=\count109
\Field@Width=\dimen123
\Fld@charsize=\dimen124
Package hyperref Info: Hyper figures OFF on input line 6369.
Package hyperref Info: Link nesting OFF on input line 6374.
Package hyperref Info: Hyper index ON on input line 6377.
Package hyperref Info: backreferencing OFF on input line 6384.
Package hyperref Info: Link coloring OFF on input line 6389.
Package hyperref Info: Link coloring with OCG OFF on input line 6394.
Package hyperref Info: PDF/A mode OFF on input line 6399.
LaTeX Info: Redefining \ref on input line 6439.
LaTeX Info: Redefining \pageref on input line 6443.
\Hy@abspage=\count110
\c@Item=\count111
\c@Hfootnote=\count112
)
Package hyperref Info: Driver (autodetected): hpdftex.
("C:\Program Files\MiKTeX 2.9\tex\latex\hyperref\hpdftex.def"
File: hpdftex.def 2018/02/06 v6.86b Hyperref driver for pdfTeX
\Fld@listcount=\count113
\c@bookmark@seq@number=\count114
("C:\Program Files\MiKTeX 2.9\tex\latex\oberdiek\rerunfilecheck.sty"
Package: rerunfilecheck 2016/05/16 v1.8 Rerun checks for auxiliary files (HO)
Package uniquecounter Info: New unique counter `rerunfilecheck' on input line 2
82.
)
\Hy@SectionHShift=\skip47
)
Package hyperref Info: Option `unicode' set `true' on input line 30.
("C:\Program Files\MiKTeX 2.9\tex\latex\hyperref\puenc.def"
File: puenc.def 2018/02/06 v6.86b Hyperref: PDF Unicode definition (HO)
Now handling font encoding PU ...
... no UTF-8 mapping file for font encoding PU
)
Package hyperref Info: Option `breaklinks' set `true' on input line 30.
("C:\Program Files\MiKTeX 2.9\tex\latex\graphics\color.sty"
Package: color 2016/07/10 v1.1e Standard LaTeX Color (DPC)
("C:\Program Files\MiKTeX 2.9\tex\latex\graphics-cfg\color.cfg"
File: color.cfg 2016/01/02 v1.6 sample color configuration
)
Package color Info: Driver file: pdftex.def on input line 147.
("C:\Program Files\MiKTeX 2.9\tex\latex\graphics-def\pdftex.def"
File: pdftex.def 2018/01/08 v1.0l Graphics/color driver for pdftex
)) (C:\Users\anubh\AppData\Roaming\MiKTeX\2.9\tex\latex\fancyvrb\fancyvrb.sty
Package: fancyvrb 2008/02/07

Style option: `fancyvrb' v2.7a, with DG/SPQR fixes, and firstline=lastline fix 
<2008/02/07> (tvz)
\FV@CodeLineNo=\count115
\FV@InFile=\read1
\FV@TabBox=\box28
\c@FancyVerbLine=\count116
\FV@StepNumber=\count117
\FV@OutFile=\write3
) (C:\Users\anubh\AppData\Roaming\MiKTeX\2.9\tex\latex\framed\framed.sty
Package: framed 2011/10/22 v 0.96: framed or shaded text with page breaks
\OuterFrameSep=\skip48
\fb@frw=\dimen125
\fb@frh=\dimen126
\FrameRule=\dimen127
\FrameSep=\dimen128
) ("C:\Program Files\MiKTeX 2.9\tex\latex\tools\longtable.sty"
Package: longtable 2014/10/28 v4.11 Multi-page Table package (DPC)
\LTleft=\skip49
\LTright=\skip50
\LTpre=\skip51
\LTpost=\skip52
\LTchunksize=\count118
\LTcapwidth=\dimen129
\LT@head=\box29
\LT@firsthead=\box30
\LT@foot=\box31
\LT@lastfoot=\box32
\LT@cols=\count119
\LT@rows=\count120
\c@LT@tables=\count121
\c@LT@chunks=\count122
\LT@p@ftn=\toks25
) (C:\Users\anubh\AppData\Roaming\MiKTeX\2.9\tex\latex\booktabs\booktabs.sty
Package: booktabs 2005/04/14 v1.61803 publication quality tables
\heavyrulewidth=\dimen130
\lightrulewidth=\dimen131
\cmidrulewidth=\dimen132
\belowrulesep=\dimen133
\belowbottomsep=\dimen134
\aboverulesep=\dimen135
\abovetopsep=\dimen136
\cmidrulesep=\dimen137
\cmidrulekern=\dimen138
\defaultaddspace=\dimen139
\@cmidla=\count123
\@cmidlb=\count124
\@aboverulesep=\dimen140
\@belowrulesep=\dimen141
\@thisruleclass=\count125
\@lastruleclass=\count126
\@thisrulewidth=\dimen142
) ("C:\Program Files\MiKTeX 2.9\tex\latex\graphics\graphicx.sty"
Package: graphicx 2017/06/01 v1.1a Enhanced LaTeX Graphics (DPC,SPQR)
("C:\Program Files\MiKTeX 2.9\tex\latex\graphics\graphics.sty"
Package: graphics 2017/06/25 v1.2c Standard LaTeX Graphics (DPC,SPQR)
("C:\Program Files\MiKTeX 2.9\tex\latex\graphics\trig.sty"
Package: trig 2016/01/03 v1.10 sin cos tan (DPC)
) ("C:\Program Files\MiKTeX 2.9\tex\latex\graphics-cfg\graphics.cfg"
File: graphics.cfg 2016/06/04 v1.11 sample graphics configuration
)
Package graphics Info: Driver file: pdftex.def on input line 99.
)
\Gin@req@height=\dimen143
\Gin@req@width=\dimen144
) ("C:\Program Files\MiKTeX 2.9\tex\latex\oberdiek\grffile.sty"
Package: grffile 2017/06/30 v1.18 Extended file name support for graphics (HO)
Package grffile Info: Option `multidot' is set to `true'.
Package grffile Info: Option `extendedchars' is set to `false'.
Package grffile Info: Option `space' is set to `true'.
Package grffile Info: \Gin@ii of package `graphicx' fixed on input line 494.
) (C:\Users\anubh\AppData\Roaming\MiKTeX\2.9\tex\latex\parskip\parskip.sty
Package: parskip 2001/04/09 non-zero parskip adjustments
) (C:\Users\anubh\AppData\Roaming\MiKTeX\2.9\tex\latex\titling\titling.sty
Package: titling 2009/09/04 v2.1d maketitle typesetting
\thanksmarkwidth=\skip53
\thanksmargin=\skip54
\droptitle=\skip55
) ("C:\Program Files\MiKTeX 2.9\tex\latex\tools\array.sty"
Package: array 2018/04/30 v2.4h Tabular extension package (FMi)
\col@sep=\dimen145
\ar@mcellbox=\box33
\extrarowheight=\dimen146
\NC@list=\toks26
\extratabsurround=\skip56
\backup@length=\skip57
\ar@cellbox=\box34
) ("C:\Program Files\MiKTeX 2.9\tex\latex\multirow\multirow.sty"
Package: multirow 2016/11/25 v2.2 Span multiple rows of a table
\multirow@colwidth=\skip58
\multirow@cntb=\count127
\multirow@dima=\skip59
\bigstrutjot=\dimen147
) (C:\Users\anubh\AppData\Roaming\MiKTeX\2.9\tex\latex\wrapfig\wrapfig.sty
\wrapoverhang=\dimen148
\WF@size=\dimen149
\c@WF@wrappedlines=\count128
\WF@box=\box35
\WF@everypar=\toks27
Package: wrapfig 2003/01/31  v 3.6
) ("C:\Program Files\MiKTeX 2.9\tex\latex\float\float.sty"
Package: float 2001/11/08 v1.3d Float enhancements (AL)
\c@float@type=\count129
\float@exts=\toks28
\float@box=\box36
\@float@everytoks=\toks29
\@floatcapt=\box37
) (C:\Users\anubh\AppData\Roaming\MiKTeX\2.9\tex\latex\colortbl\colortbl.sty
Package: colortbl 2018/05/02 v1.0c Color table columns (DPC)
\everycr=\toks30
\minrowclearance=\skip60
) ("C:\Program Files\MiKTeX 2.9\tex\latex\oberdiek\pdflscape.sty"
Package: pdflscape 2016/05/14 v0.11 Display of landscape pages in PDF (HO)
("C:\Program Files\MiKTeX 2.9\tex\latex\graphics\lscape.sty"
Package: lscape 2000/10/22 v3.01 Landscape Pages (DPC)
)
Package pdflscape Info: Auto-detected driver: pdftex on input line 81.
) (C:\Users\anubh\AppData\Roaming\MiKTeX\2.9\tex\latex\tabu\tabu.sty
Package: tabu 2019/01/11 v2.9 - flexible LaTeX tabulars (FC+tabu-fixed)
(C:\Users\anubh\AppData\Roaming\MiKTeX\2.9\tex\latex\varwidth\varwidth.sty
Package: varwidth 2009/03/30 ver 0.92;  Variable-width minipages
\@vwid@box=\box38
\sift@deathcycles=\count130
\@vwid@loff=\dimen150
\@vwid@roff=\dimen151
)
\c@taburow=\count131
\tabu@nbcols=\count132
\tabu@cnt=\count133
\tabu@Xcol=\count134
\tabu@alloc=\count135
\tabu@nested=\count136
\tabu@target=\dimen152
\tabu@spreadtarget=\dimen153
\tabu@naturalX=\dimen154
\tabucolX=\dimen155
\tabu@Xsum=\dimen156
\extrarowdepth=\dimen157
\abovetabulinesep=\dimen158
\belowtabulinesep=\dimen159
\tabustrutrule=\dimen160
\tabu@thebody=\toks31
\tabu@footnotes=\toks32
\tabu@box=\box39
\tabu@arstrutbox=\box40
\tabu@hleads=\box41
\tabu@vleads=\box42
\tabu@cellskip=\skip61
)
(C:\Users\anubh\AppData\Roaming\MiKTeX\2.9\tex\latex\threeparttable\threepartta
ble.sty
Package: threeparttable 2003/06/13  v 3.0
\@tempboxb=\box43
)
(C:\Users\anubh\AppData\Roaming\MiKTeX\2.9\tex\latex\threeparttablex\threepartt
ablex.sty
Package: threeparttablex 2013/07/23 v0.3 by daleif
(C:\Users\anubh\AppData\Roaming\MiKTeX\2.9\tex\latex\environ\environ.sty
Package: environ 2014/05/04 v0.3 A new way to define environments
(C:\Users\anubh\AppData\Roaming\MiKTeX\2.9\tex\latex\trimspaces\trimspaces.sty
Package: trimspaces 2009/09/17 v1.1 Trim spaces around a token list
))
\TPTL@width=\skip62
) (C:\Users\anubh\AppData\Roaming\MiKTeX\2.9\tex\latex\ulem\ulem.sty
\UL@box=\box44
\UL@hyphenbox=\box45
\UL@skip=\skip63
\UL@hook=\toks33
\UL@height=\dimen161
\UL@pe=\count137
\UL@pixel=\dimen162
\ULC@box=\box46
Package: ulem 2012/05/18
\ULdepth=\dimen163
) (C:\Users\anubh\AppData\Roaming\MiKTeX\2.9\tex\latex\makecell\makecell.sty
Package: makecell 2009/08/03 V0.1e Managing of Tab Column Heads and Cells
\rotheadsize=\dimen164
\c@nlinenum=\count138
\TeXr@lab=\toks34
) (C:\Users\anubh\AppData\Roaming\MiKTeX\2.9\tex\latex\xcolor\xcolor.sty
Package: xcolor 2016/05/11 v2.12 LaTeX color extensions (UK)
("C:\Program Files\MiKTeX 2.9\tex\latex\graphics-cfg\color.cfg"
File: color.cfg 2016/01/02 v1.6 sample color configuration
)
Package xcolor Info: Driver file: pdftex.def on input line 225.
LaTeX Info: Redefining \color on input line 709.
Package xcolor Info: Model `cmy' substituted by `cmy0' on input line 1348.
Package xcolor Info: Model `hsb' substituted by `rgb' on input line 1352.
Package xcolor Info: Model `RGB' extended on input line 1364.
Package xcolor Info: Model `HTML' substituted by `rgb' on input line 1366.
Package xcolor Info: Model `Hsb' substituted by `hsb' on input line 1367.
Package xcolor Info: Model `tHsb' substituted by `hsb' on input line 1368.
Package xcolor Info: Model `HSB' substituted by `hsb' on input line 1369.
Package xcolor Info: Model `Gray' substituted by `gray' on input line 1370.
Package xcolor Info: Model `wave' substituted by `hsb' on input line 1371.
) (732a99_cheatbook_anudi287.aux)
\openout1 = `732a99_cheatbook_anudi287.aux'.

LaTeX Font Info:    Checking defaults for OML/cmm/m/it on input line 143.
LaTeX Font Info:    ... okay on input line 143.
LaTeX Font Info:    Checking defaults for T1/cmr/m/n on input line 143.
LaTeX Font Info:    ... okay on input line 143.
LaTeX Font Info:    Checking defaults for OT1/cmr/m/n on input line 143.
LaTeX Font Info:    ... okay on input line 143.
LaTeX Font Info:    Checking defaults for OMS/cmsy/m/n on input line 143.
LaTeX Font Info:    ... okay on input line 143.
LaTeX Font Info:    Checking defaults for OMX/cmex/m/n on input line 143.
LaTeX Font Info:    ... okay on input line 143.
LaTeX Font Info:    Checking defaults for U/cmr/m/n on input line 143.
LaTeX Font Info:    ... okay on input line 143.
LaTeX Font Info:    Checking defaults for TS1/cmr/m/n on input line 143.
LaTeX Font Info:    Try loading font information for TS1+cmr on input line 143.

("C:\Program Files\MiKTeX 2.9\tex\latex\base\ts1cmr.fd"
File: ts1cmr.fd 2014/09/29 v2.5h Standard LaTeX font definitions
)
LaTeX Font Info:    ... okay on input line 143.
LaTeX Font Info:    Checking defaults for PD1/pdf/m/n on input line 143.
LaTeX Font Info:    ... okay on input line 143.
LaTeX Font Info:    Checking defaults for PU/pdf/m/n on input line 143.
LaTeX Font Info:    ... okay on input line 143.
LaTeX Font Info:    Try loading font information for T1+lmr on input line 143.
("C:\Program Files\MiKTeX 2.9\tex\latex\lm\t1lmr.fd"
File: t1lmr.fd 2009/10/30 v1.6 Font defs for Latin Modern
)
LaTeX Info: Redefining \microtypecontext on input line 143.
Package microtype Info: Generating PDF output.
Package microtype Info: Character protrusion enabled (level 2).
Package microtype Info: Using protrusion set `basicmath'.
Package microtype Info: Automatic font expansion enabled (level 2),
(microtype)             stretch: 20, shrink: 20, step: 1, non-selected.
Package microtype Info: Using default expansion set `basictext'.
Package microtype Info: No adjustment of tracking.
Package microtype Info: No adjustment of interword spacing.
Package microtype Info: No adjustment of character kerning.
(C:\Users\anubh\AppData\Roaming\MiKTeX\2.9\tex\latex\microtype\mt-cmr.cfg
File: mt-cmr.cfg 2013/05/19 v2.2 microtype config. file: Computer Modern Roman 
(RS)
)
*geometry* driver: auto-detecting
*geometry* detected driver: pdftex
*geometry* verbose mode - [ preamble ] result:
* driver: pdftex
* paper: <default>
* layout: <same size as paper>
* layoutoffset:(h,v)=(0.0pt,0.0pt)
* modes: 
* h-part:(L,W,R)=(72.26999pt, 469.75502pt, 72.26999pt)
* v-part:(T,H,B)=(72.26999pt, 650.43001pt, 72.26999pt)
* \paperwidth=614.295pt
* \paperheight=794.96999pt
* \textwidth=469.75502pt
* \textheight=650.43001pt
* \oddsidemargin=0.0pt
* \evensidemargin=0.0pt
* \topmargin=-37.0pt
* \headheight=12.0pt
* \headsep=25.0pt
* \topskip=10.0pt
* \footskip=30.0pt
* \marginparwidth=65.0pt
* \marginparsep=11.0pt
* \columnsep=10.0pt
* \skip\footins=9.0pt plus 4.0pt minus 2.0pt
* \hoffset=0.0pt
* \voffset=0.0pt
* \mag=1000
* \@twocolumnfalse
* \@twosidefalse
* \@mparswitchfalse
* \@reversemarginfalse
* (1in=72.27pt=25.4mm, 1cm=28.453pt)

\AtBeginShipoutBox=\box47
Package hyperref Info: Link coloring OFF on input line 143.
("C:\Program Files\MiKTeX 2.9\tex\latex\hyperref\nameref.sty"
Package: nameref 2016/05/21 v2.44 Cross-referencing by name of section
("C:\Program Files\MiKTeX 2.9\tex\generic\oberdiek\gettitlestring.sty"
Package: gettitlestring 2016/05/16 v1.5 Cleanup title references (HO)
)
\c@section@level=\count139
)
LaTeX Info: Redefining \ref on input line 143.
LaTeX Info: Redefining \pageref on input line 143.
LaTeX Info: Redefining \nameref on input line 143.
(732a99_cheatbook_anudi287.out) (732a99_cheatbook_anudi287.out)
\@outlinefile=\write4
\openout4 = `732a99_cheatbook_anudi287.out'.

(C:\Users\anubh\AppData\Roaming\MiKTeX\2.9\tex\context\base\supp-pdf.mkii
[Loading MPS to PDF converter (version 2006.09.02).]
\scratchcounter=\count140
\scratchdimen=\dimen165
\scratchbox=\box48
\nofMPsegments=\count141
\nofMParguments=\count142
\everyMPshowfont=\toks35
\MPscratchCnt=\count143
\MPscratchDim=\dimen166
\MPnumerator=\count144
\makeMPintoPDFobject=\count145
\everyMPtoPDFconversion=\toks36
) ("C:\Program Files\MiKTeX 2.9\tex\latex\oberdiek\epstopdf-base.sty"
Package: epstopdf-base 2016/05/15 v2.6 Base part for package epstopdf
("C:\Program Files\MiKTeX 2.9\tex\latex\oberdiek\grfext.sty"
Package: grfext 2016/05/16 v1.2 Manage graphics extensions (HO)
)
Package epstopdf-base Info: Redefining graphics rule for `.eps' on input line 4
38.
Package grfext Info: Graphics extension search list:
(grfext)             [.pdf,.png,.jpg,.mps,.jpeg,.jbig2,.jb2,.PDF,.PNG,.JPG,.JPE
G,.JBIG2,.JB2,.eps]
(grfext)             \AppendGraphicsExtensions on input line 456.
) (732a99_cheatbook_anudi287.toc
LaTeX Font Info:    Try loading font information for OT1+lmr on input line 2.
("C:\Program Files\MiKTeX 2.9\tex\latex\lm\ot1lmr.fd"
File: ot1lmr.fd 2009/10/30 v1.6 Font defs for Latin Modern
)
LaTeX Font Info:    Try loading font information for OML+lmm on input line 2.
("C:\Program Files\MiKTeX 2.9\tex\latex\lm\omllmm.fd"
File: omllmm.fd 2009/10/30 v1.6 Font defs for Latin Modern
)
LaTeX Font Info:    Try loading font information for OMS+lmsy on input line 2.
("C:\Program Files\MiKTeX 2.9\tex\latex\lm\omslmsy.fd"
File: omslmsy.fd 2009/10/30 v1.6 Font defs for Latin Modern
)
LaTeX Font Info:    Try loading font information for OMX+lmex on input line 2.
("C:\Program Files\MiKTeX 2.9\tex\latex\lm\omxlmex.fd"
File: omxlmex.fd 2009/10/30 v1.6 Font defs for Latin Modern
)
LaTeX Font Info:    External font `lmex10' loaded for size
(Font)              <10> on input line 2.
LaTeX Font Info:    External font `lmex10' loaded for size
(Font)              <7> on input line 2.
LaTeX Font Info:    External font `lmex10' loaded for size
(Font)              <5> on input line 2.
LaTeX Font Info:    Try loading font information for U+msa on input line 2.
("C:\Program Files\MiKTeX 2.9\tex\latex\amsfonts\umsa.fd"
File: umsa.fd 2013/01/14 v3.01 AMS symbols A
) (C:\Users\anubh\AppData\Roaming\MiKTeX\2.9\tex\latex\microtype\mt-msa.cfg
File: mt-msa.cfg 2006/02/04 v1.1 microtype config. file: AMS symbols (a) (RS)
)
LaTeX Font Info:    Try loading font information for U+msb on input line 2.
("C:\Program Files\MiKTeX 2.9\tex\latex\amsfonts\umsb.fd"
File: umsb.fd 2013/01/14 v3.01 AMS symbols B
) (C:\Users\anubh\AppData\Roaming\MiKTeX\2.9\tex\latex\microtype\mt-msb.cfg
File: mt-msb.cfg 2005/06/01 v1.0 microtype config. file: AMS symbols (b) (RS)
) [1

{C:/Users/anubh/AppData/Local/MiKTeX/2.9/pdftex/config/pdftex.map}])
\tf@toc=\write5
\openout5 = `732a99_cheatbook_anudi287.toc'.


Package xcolor Warning: Incompatible color definition on input line 156.

LaTeX Font Info:    Try loading font information for T1+lmtt on input line 157.

("C:\Program Files\MiKTeX 2.9\tex\latex\lm\t1lmtt.fd"
File: t1lmtt.fd 2009/10/30 v1.6 Font defs for Latin Modern
)
LaTeX Font Info:    Font shape `T1/lmtt/bx/n' in size <10> not available
(Font)              Font shape `T1/lmtt/b/n' tried instead on input line 158.

Package xcolor Warning: Incompatible color definition on input line 182.


Package xcolor Warning: Incompatible color definition on input line 182.


Package xcolor Warning: Incompatible color definition on input line 187.


Package xcolor Warning: Incompatible color definition on input line 192.


Package xcolor Warning: Incompatible color definition on input line 192.


Package xcolor Warning: Incompatible color definition on input line 200.


Package xcolor Warning: Incompatible color definition on input line 211.


Package xcolor Warning: Incompatible color definition on input line 211.


Package xcolor Warning: Incompatible color definition on input line 211.

[2]

Package xcolor Warning: Incompatible color definition on input line 211.


Package xcolor Warning: Incompatible color definition on input line 211.


Package xcolor Warning: Incompatible color definition on input line 216.


Package xcolor Warning: Incompatible color definition on input line 234.


Package xcolor Warning: Incompatible color definition on input line 234.


Package xcolor Warning: Incompatible color definition on input line 240.


Package xcolor Warning: Incompatible color definition on input line 265.


Package xcolor Warning: Incompatible color definition on input line 265.


Package xcolor Warning: Incompatible color definition on input line 271.

[3]

Package xcolor Warning: Incompatible color definition on input line 280.


Package xcolor Warning: Incompatible color definition on input line 280.


Package xcolor Warning: Incompatible color definition on input line 291.


Package xcolor Warning: Incompatible color definition on input line 322.


Package xcolor Warning: Incompatible color definition on input line 322.

<732a99_cheatbook_anudi287_files/figure-latex/unnamed-chunk-7-1.pdf, id=249, 46
9.755pt x 325.215pt>
File: 732a99_cheatbook_anudi287_files/figure-latex/unnamed-chunk-7-1.pdf Graphi
c file (type pdf)
<use 732a99_cheatbook_anudi287_files/figure-latex/unnamed-chunk-7-1.pdf>
Package pdftex.def Info: 732a99_cheatbook_anudi287_files/figure-latex/unnamed-c
hunk-7-1.pdf  used on input line 324.
(pdftex.def)             Requested size: 469.75386pt x 325.2142pt.

Package xcolor Warning: Incompatible color definition on input line 326.

[4]

Package xcolor Warning: Incompatible color definition on input line 335.


Package xcolor Warning: Incompatible color definition on input line 335.


Package xcolor Warning: Incompatible color definition on input line 341.


Package xcolor Warning: Incompatible color definition on input line 346.


Package xcolor Warning: Incompatible color definition on input line 346.


Package xcolor Warning: Incompatible color definition on input line 362.


Package xcolor Warning: Incompatible color definition on input line 451.


Package xcolor Warning: Incompatible color definition on input line 451.


Package xcolor Warning: Incompatible color definition on input line 451.

[5 <./732a99_cheatbook_anudi287_files/figure-latex/unnamed-chunk-7-1.pdf>]

Package xcolor Warning: Incompatible color definition on input line 451.


Package xcolor Warning: Incompatible color definition on input line 451.


Underfull \vbox (badness 10000) detected at line 451
 []


Underfull \vbox (badness 10000) detected at line 451
 []


Package xcolor Warning: Incompatible color definition on input line 451.

[6]

Package xcolor Warning: Incompatible color definition on input line 451.


Package xcolor Warning: Incompatible color definition on input line 451.


Package xcolor Warning: Incompatible color definition on input line 460.


Package xcolor Warning: Incompatible color definition on input line 467.


Package xcolor Warning: Incompatible color definition on input line 467.

[7]
LaTeX Font Info:    Try loading font information for TS1+lmtt on input line 493
.
("C:\Program Files\MiKTeX 2.9\tex\latex\lm\ts1lmtt.fd"
File: ts1lmtt.fd 2009/10/30 v1.6 Font defs for Latin Modern
)

Package xcolor Warning: Incompatible color definition on input line 495.


Package xcolor Warning: Incompatible color definition on input line 507.


Package xcolor Warning: Incompatible color definition on input line 507.


Package xcolor Warning: Incompatible color definition on input line 539.


Package xcolor Warning: Incompatible color definition on input line 549.


Package xcolor Warning: Incompatible color definition on input line 549.


Underfull \vbox (badness 3148) detected at line 549
 []


Package xcolor Warning: Incompatible color definition on input line 549.

[8]

Package xcolor Warning: Incompatible color definition on input line 549.


Package xcolor Warning: Incompatible color definition on input line 549.

<732a99_cheatbook_anudi287_files/figure-latex/unnamed-chunk-9-1.pdf, id=282, 46
9.755pt x 325.215pt>
File: 732a99_cheatbook_anudi287_files/figure-latex/unnamed-chunk-9-1.pdf Graphi
c file (type pdf)
<use 732a99_cheatbook_anudi287_files/figure-latex/unnamed-chunk-9-1.pdf>
Package pdftex.def Info: 732a99_cheatbook_anudi287_files/figure-latex/unnamed-c
hunk-9-1.pdf  used on input line 551.
(pdftex.def)             Requested size: 469.75386pt x 325.2142pt.

Package xcolor Warning: Incompatible color definition on input line 556.


Package xcolor Warning: Incompatible color definition on input line 571.


Package xcolor Warning: Incompatible color definition on input line 571.

[9 <./732a99_cheatbook_anudi287_files/figure-latex/unnamed-chunk-9-1.pdf>]

Package xcolor Warning: Incompatible color definition on input line 607.


Package xcolor Warning: Incompatible color definition on input line 623.


Package xcolor Warning: Incompatible color definition on input line 623.

<732a99_cheatbook_anudi287_files/figure-latex/unnamed-chunk-11-1.pdf, id=293, 4
69.755pt x 325.215pt>
File: 732a99_cheatbook_anudi287_files/figure-latex/unnamed-chunk-11-1.pdf Graph
ic file (type pdf)
<use 732a99_cheatbook_anudi287_files/figure-latex/unnamed-chunk-11-1.pdf>
Package pdftex.def Info: 732a99_cheatbook_anudi287_files/figure-latex/unnamed-c
hunk-11-1.pdf  used on input line 625.
(pdftex.def)             Requested size: 469.75386pt x 325.2142pt.
[10]

Package xcolor Warning: Incompatible color definition on input line 630.


Package xcolor Warning: Incompatible color definition on input line 640.


Package xcolor Warning: Incompatible color definition on input line 640.

[11 <./732a99_cheatbook_anudi287_files/figure-latex/unnamed-chunk-11-1.pdf>]

Package xcolor Warning: Incompatible color definition on input line 675.


Package xcolor Warning: Incompatible color definition on input line 687.


Package xcolor Warning: Incompatible color definition on input line 687.

LaTeX Font Info:    Try loading font information for TS1+lmr on input line 703.

("C:\Program Files\MiKTeX 2.9\tex\latex\lm\ts1lmr.fd"
File: ts1lmr.fd 2009/10/30 v1.6 Font defs for Latin Modern
)

LaTeX Warning: `!h' float specifier changed to `!ht'.


Package xcolor Warning: Incompatible color definition on input line 760.


Package xcolor Warning: Incompatible color definition on input line 771.


Package xcolor Warning: Incompatible color definition on input line 771.

<732a99_cheatbook_anudi287_files/figure-latex/unnamed-chunk-14-1.pdf, id=310, 4
69.755pt x 325.215pt>
File: 732a99_cheatbook_anudi287_files/figure-latex/unnamed-chunk-14-1.pdf Graph
ic file (type pdf)
<use 732a99_cheatbook_anudi287_files/figure-latex/unnamed-chunk-14-1.pdf>
Package pdftex.def Info: 732a99_cheatbook_anudi287_files/figure-latex/unnamed-c
hunk-14-1.pdf  used on input line 773.
(pdftex.def)             Requested size: 469.75386pt x 325.2142pt.

Package xcolor Warning: Incompatible color definition on input line 775.

[12]
Overfull \vbox (110.91696pt too high) has occurred while \output is active []

[13 <./732a99_cheatbook_anudi287_files/figure-latex/unnamed-chunk-14-1.pdf>]

Package xcolor Warning: Incompatible color definition on input line 787.


Package xcolor Warning: Incompatible color definition on input line 787.


Package xcolor Warning: Incompatible color definition on input line 792.


Package xcolor Warning: Incompatible color definition on input line 800.


Package xcolor Warning: Incompatible color definition on input line 800.

<732a99_cheatbook_anudi287_files/figure-latex/unnamed-chunk-15-1.pdf, id=329, 4
69.755pt x 325.215pt>
File: 732a99_cheatbook_anudi287_files/figure-latex/unnamed-chunk-15-1.pdf Graph
ic file (type pdf)
<use 732a99_cheatbook_anudi287_files/figure-latex/unnamed-chunk-15-1.pdf>
Package pdftex.def Info: 732a99_cheatbook_anudi287_files/figure-latex/unnamed-c
hunk-15-1.pdf  used on input line 802.
(pdftex.def)             Requested size: 469.75386pt x 325.2142pt.

Package xcolor Warning: Incompatible color definition on input line 808.


Package xcolor Warning: Incompatible color definition on input line 858.


Package xcolor Warning: Incompatible color definition on input line 858.


Package xcolor Warning: Incompatible color definition on input line 858.

[14 <./732a99_cheatbook_anudi287_files/figure-latex/unnamed-chunk-15-1.pdf>]

Package xcolor Warning: Incompatible color definition on input line 858.


Package xcolor Warning: Incompatible color definition on input line 858.


Package xcolor Warning: Incompatible color definition on input line 864.


Package xcolor Warning: Incompatible color definition on input line 868.


Package xcolor Warning: Incompatible color definition on input line 868.

[15]

Package xcolor Warning: Incompatible color definition on input line 883.


Package xcolor Warning: Incompatible color definition on input line 889.


Package xcolor Warning: Incompatible color definition on input line 889.


Package xcolor Warning: Incompatible color definition on input line 895.


Package xcolor Warning: Incompatible color definition on input line 899.


Package xcolor Warning: Incompatible color definition on input line 899.


Package xcolor Warning: Incompatible color definition on input line 905.


Package xcolor Warning: Incompatible color definition on input line 917.


Package xcolor Warning: Incompatible color definition on input line 917.


Package xcolor Warning: Incompatible color definition on input line 922.


Package xcolor Warning: Incompatible color definition on input line 948.


Package xcolor Warning: Incompatible color definition on input line 948.

<732a99_cheatbook_anudi287_files/figure-latex/unnamed-chunk-17-1.pdf, id=346, 4
69.755pt x 325.215pt>
File: 732a99_cheatbook_anudi287_files/figure-latex/unnamed-chunk-17-1.pdf Graph
ic file (type pdf)
<use 732a99_cheatbook_anudi287_files/figure-latex/unnamed-chunk-17-1.pdf>
Package pdftex.def Info: 732a99_cheatbook_anudi287_files/figure-latex/unnamed-c
hunk-17-1.pdf  used on input line 950.
(pdftex.def)             Requested size: 469.75386pt x 325.2142pt.
[16]

Package xcolor Warning: Incompatible color definition on input line 966.


Package xcolor Warning: Incompatible color definition on input line 1002.


Package xcolor Warning: Incompatible color definition on input line 1002.


Package xcolor Warning: Incompatible color definition on input line 1002.

[17 <./732a99_cheatbook_anudi287_files/figure-latex/unnamed-chunk-17-1.pdf>]

Package xcolor Warning: Incompatible color definition on input line 1002.


Package xcolor Warning: Incompatible color definition on input line 1002.

<732a99_cheatbook_anudi287_files/figure-latex/unnamed-chunk-18-1.pdf, id=363, 4
69.755pt x 325.215pt>
File: 732a99_cheatbook_anudi287_files/figure-latex/unnamed-chunk-18-1.pdf Graph
ic file (type pdf)
<use 732a99_cheatbook_anudi287_files/figure-latex/unnamed-chunk-18-1.pdf>
Package pdftex.def Info: 732a99_cheatbook_anudi287_files/figure-latex/unnamed-c
hunk-18-1.pdf  used on input line 1004.
(pdftex.def)             Requested size: 469.75386pt x 325.2142pt.

Package xcolor Warning: Incompatible color definition on input line 1006.


Package xcolor Warning: Incompatible color definition on input line 1018.


Package xcolor Warning: Incompatible color definition on input line 1018.


Underfull \vbox (badness 1668) detected at line 1018
 []


Package xcolor Warning: Incompatible color definition on input line 1018.

[18 <./732a99_cheatbook_anudi287_files/figure-latex/unnamed-chunk-18-1.pdf>]

Package xcolor Warning: Incompatible color definition on input line 1018.


Package xcolor Warning: Incompatible color definition on input line 1018.

<732a99_cheatbook_anudi287_files/figure-latex/unnamed-chunk-18-2.pdf, id=373, 4
69.755pt x 325.215pt>
File: 732a99_cheatbook_anudi287_files/figure-latex/unnamed-chunk-18-2.pdf Graph
ic file (type pdf)
<use 732a99_cheatbook_anudi287_files/figure-latex/unnamed-chunk-18-2.pdf>
Package pdftex.def Info: 732a99_cheatbook_anudi287_files/figure-latex/unnamed-c
hunk-18-2.pdf  used on input line 1020.
(pdftex.def)             Requested size: 469.75386pt x 325.2142pt.

Package xcolor Warning: Incompatible color definition on input line 1028.


Package xcolor Warning: Incompatible color definition on input line 1052.


Package xcolor Warning: Incompatible color definition on input line 1052.


Package xcolor Warning: Incompatible color definition on input line 1052.

[19 <./732a99_cheatbook_anudi287_files/figure-latex/unnamed-chunk-18-2.pdf>]

Package xcolor Warning: Incompatible color definition on input line 1052.


Package xcolor Warning: Incompatible color definition on input line 1052.

<732a99_cheatbook_anudi287_files/figure-latex/unnamed-chunk-19-1.pdf, id=386, 4
69.755pt x 325.215pt>
File: 732a99_cheatbook_anudi287_files/figure-latex/unnamed-chunk-19-1.pdf Graph
ic file (type pdf)
<use 732a99_cheatbook_anudi287_files/figure-latex/unnamed-chunk-19-1.pdf>
Package pdftex.def Info: 732a99_cheatbook_anudi287_files/figure-latex/unnamed-c
hunk-19-1.pdf  used on input line 1106.
(pdftex.def)             Requested size: 469.75386pt x 325.2142pt.

Package xcolor Warning: Incompatible color definition on input line 1108.

[20]

Package xcolor Warning: Incompatible color definition on input line 1122.


Package xcolor Warning: Incompatible color definition on input line 1122.

[21 <./732a99_cheatbook_anudi287_files/figure-latex/unnamed-chunk-19-1.pdf>]

Package xcolor Warning: Incompatible color definition on input line 1161.


Package xcolor Warning: Incompatible color definition on input line 1191.


Package xcolor Warning: Incompatible color definition on input line 1191.

[22]

Package xcolor Warning: Incompatible color definition on input line 1227.


Package xcolor Warning: Incompatible color definition on input line 1276.


Package xcolor Warning: Incompatible color definition on input line 1276.


Package xcolor Warning: Incompatible color definition on input line 1276.

[23]

Package xcolor Warning: Incompatible color definition on input line 1276.


Package xcolor Warning: Incompatible color definition on input line 1276.

<732a99_cheatbook_anudi287_files/figure-latex/unnamed-chunk-21-1.pdf, id=411, 4
69.755pt x 325.215pt>
File: 732a99_cheatbook_anudi287_files/figure-latex/unnamed-chunk-21-1.pdf Graph
ic file (type pdf)
<use 732a99_cheatbook_anudi287_files/figure-latex/unnamed-chunk-21-1.pdf>
Package pdftex.def Info: 732a99_cheatbook_anudi287_files/figure-latex/unnamed-c
hunk-21-1.pdf  used on input line 1278.
(pdftex.def)             Requested size: 469.75386pt x 325.2142pt.

Package xcolor Warning: Incompatible color definition on input line 1283.


Package xcolor Warning: Incompatible color definition on input line 1302.


Package xcolor Warning: Incompatible color definition on input line 1302.


Package xcolor Warning: Incompatible color definition on input line 1302.

[24 <./732a99_cheatbook_anudi287_files/figure-latex/unnamed-chunk-21-1.pdf>]

Package xcolor Warning: Incompatible color definition on input line 1302.


Package xcolor Warning: Incompatible color definition on input line 1302.


Package xcolor Warning: Incompatible color definition on input line 1315.


Package xcolor Warning: Incompatible color definition on input line 1325.


Package xcolor Warning: Incompatible color definition on input line 1325.

[25]

Package xcolor Warning: Incompatible color definition on input line 1357.


Package xcolor Warning: Incompatible color definition on input line 1363.


Package xcolor Warning: Incompatible color definition on input line 1363.

<732a99_cheatbook_anudi287_files/figure-latex/unnamed-chunk-22-1.pdf, id=427, 4
69.755pt x 325.215pt>
File: 732a99_cheatbook_anudi287_files/figure-latex/unnamed-chunk-22-1.pdf Graph
ic file (type pdf)
<use 732a99_cheatbook_anudi287_files/figure-latex/unnamed-chunk-22-1.pdf>
Package pdftex.def Info: 732a99_cheatbook_anudi287_files/figure-latex/unnamed-c
hunk-22-1.pdf  used on input line 1365.
(pdftex.def)             Requested size: 469.75386pt x 325.2142pt.

Package xcolor Warning: Incompatible color definition on input line 1370.


Package xcolor Warning: Incompatible color definition on input line 1374.


Package xcolor Warning: Incompatible color definition on input line 1374.


Package xcolor Warning: Incompatible color definition on input line 1391.


Package xcolor Warning: Incompatible color definition on input line 1401.


Package xcolor Warning: Incompatible color definition on input line 1401.

<732a99_cheatbook_anudi287_files/figure-latex/unnamed-chunk-23-1.pdf, id=428, 4
69.755pt x 325.215pt>
File: 732a99_cheatbook_anudi287_files/figure-latex/unnamed-chunk-23-1.pdf Graph
ic file (type pdf)
<use 732a99_cheatbook_anudi287_files/figure-latex/unnamed-chunk-23-1.pdf>
Package pdftex.def Info: 732a99_cheatbook_anudi287_files/figure-latex/unnamed-c
hunk-23-1.pdf  used on input line 1403.
(pdftex.def)             Requested size: 469.75386pt x 325.2142pt.
[26 <./732a99_cheatbook_anudi287_files/figure-latex/unnamed-chunk-22-1.pdf>]

Package xcolor Warning: Incompatible color definition on input line 1409.


Package xcolor Warning: Incompatible color definition on input line 1421.


Package xcolor Warning: Incompatible color definition on input line 1421.

<732a99_cheatbook_anudi287_files/figure-latex/unnamed-chunk-24-1.pdf, id=439, 4
69.755pt x 325.215pt>
File: 732a99_cheatbook_anudi287_files/figure-latex/unnamed-chunk-24-1.pdf Graph
ic file (type pdf)
<use 732a99_cheatbook_anudi287_files/figure-latex/unnamed-chunk-24-1.pdf>
Package pdftex.def Info: 732a99_cheatbook_anudi287_files/figure-latex/unnamed-c
hunk-24-1.pdf  used on input line 1423.
(pdftex.def)             Requested size: 469.75386pt x 325.2142pt.

Package xcolor Warning: Incompatible color definition on input line 1425.

[27 <./732a99_cheatbook_anudi287_files/figure-latex/unnamed-chunk-23-1.pdf>]

Package xcolor Warning: Incompatible color definition on input line 1429.


Package xcolor Warning: Incompatible color definition on input line 1429.

<732a99_cheatbook_anudi287_files/figure-latex/unnamed-chunk-24-2.pdf, id=453, 4
69.755pt x 325.215pt>
File: 732a99_cheatbook_anudi287_files/figure-latex/unnamed-chunk-24-2.pdf Graph
ic file (type pdf)
<use 732a99_cheatbook_anudi287_files/figure-latex/unnamed-chunk-24-2.pdf>
Package pdftex.def Info: 732a99_cheatbook_anudi287_files/figure-latex/unnamed-c
hunk-24-2.pdf  used on input line 1431.
(pdftex.def)             Requested size: 469.75386pt x 325.2142pt.
[28 <./732a99_cheatbook_anudi287_files/figure-latex/unnamed-chunk-24-1.pdf>]

Package xcolor Warning: Incompatible color definition on input line 1437.


Package xcolor Warning: Incompatible color definition on input line 1461.


Package xcolor Warning: Incompatible color definition on input line 1461.

<732a99_cheatbook_anudi287_files/figure-latex/unnamed-chunk-25-1.pdf, id=463, 4
69.755pt x 325.215pt>
File: 732a99_cheatbook_anudi287_files/figure-latex/unnamed-chunk-25-1.pdf Graph
ic file (type pdf)
<use 732a99_cheatbook_anudi287_files/figure-latex/unnamed-chunk-25-1.pdf>
Package pdftex.def Info: 732a99_cheatbook_anudi287_files/figure-latex/unnamed-c
hunk-25-1.pdf  used on input line 1463.
(pdftex.def)             Requested size: 469.75386pt x 325.2142pt.
[29 <./732a99_cheatbook_anudi287_files/figure-latex/unnamed-chunk-24-2.pdf>]

Package xcolor Warning: Incompatible color definition on input line 1468.


Package xcolor Warning: Incompatible color definition on input line 1476.


Package xcolor Warning: Incompatible color definition on input line 1476.

[30 <./732a99_cheatbook_anudi287_files/figure-latex/unnamed-chunk-25-1.pdf>]

Package xcolor Warning: Incompatible color definition on input line 1503.


Package xcolor Warning: Incompatible color definition on input line 1507.


Package xcolor Warning: Incompatible color definition on input line 1507.

<732a99_cheatbook_anudi287_files/figure-latex/unnamed-chunk-26-1.pdf, id=485, 4
69.755pt x 325.215pt>
File: 732a99_cheatbook_anudi287_files/figure-latex/unnamed-chunk-26-1.pdf Graph
ic file (type pdf)
<use 732a99_cheatbook_anudi287_files/figure-latex/unnamed-chunk-26-1.pdf>
Package pdftex.def Info: 732a99_cheatbook_anudi287_files/figure-latex/unnamed-c
hunk-26-1.pdf  used on input line 1509.
(pdftex.def)             Requested size: 469.75386pt x 325.2142pt.

Package xcolor Warning: Incompatible color definition on input line 1511.


Package xcolor Warning: Incompatible color definition on input line 1517.


Package xcolor Warning: Incompatible color definition on input line 1517.


Package xcolor Warning: Incompatible color definition on input line 1530.


Package xcolor Warning: Incompatible color definition on input line 1537.


Package xcolor Warning: Incompatible color definition on input line 1537.

[31 <./732a99_cheatbook_anudi287_files/figure-latex/unnamed-chunk-26-1.pdf>]

Package xcolor Warning: Incompatible color definition on input line 1547.


Package xcolor Warning: Incompatible color definition on input line 1567.


Package xcolor Warning: Incompatible color definition on input line 1567.


Package xcolor Warning: Incompatible color definition on input line 1602.

[32]

Package xcolor Warning: Incompatible color definition on input line 1615.


Package xcolor Warning: Incompatible color definition on input line 1615.


Package xcolor Warning: Incompatible color definition on input line 1620.


Package xcolor Warning: Incompatible color definition on input line 1625.


Package xcolor Warning: Incompatible color definition on input line 1625.


Package xcolor Warning: Incompatible color definition on input line 1631.


Package xcolor Warning: Incompatible color definition on input line 1685.


Package xcolor Warning: Incompatible color definition on input line 1685.


Package xcolor Warning: Incompatible color definition on input line 1685.

[33]

Package xcolor Warning: Incompatible color definition on input line 1685.


Package xcolor Warning: Incompatible color definition on input line 1685.

<732a99_cheatbook_anudi287_files/figure-latex/unnamed-chunk-31-1.pdf, id=516, 4
69.755pt x 325.215pt>
File: 732a99_cheatbook_anudi287_files/figure-latex/unnamed-chunk-31-1.pdf Graph
ic file (type pdf)
<use 732a99_cheatbook_anudi287_files/figure-latex/unnamed-chunk-31-1.pdf>
Package pdftex.def Info: 732a99_cheatbook_anudi287_files/figure-latex/unnamed-c
hunk-31-1.pdf  used on input line 1687.
(pdftex.def)             Requested size: 469.75386pt x 325.2142pt.

Package xcolor Warning: Incompatible color definition on input line 1693.

[34 <./732a99_cheatbook_anudi287_files/figure-latex/unnamed-chunk-31-1.pdf>]

Package xcolor Warning: Incompatible color definition on input line 1728.


Package xcolor Warning: Incompatible color definition on input line 1728.


Package xcolor Warning: Incompatible color definition on input line 1733.


Package xcolor Warning: Incompatible color definition on input line 1738.


Package xcolor Warning: Incompatible color definition on input line 1738.

<732a99_cheatbook_anudi287_files/figure-latex/unnamed-chunk-33-1.pdf, id=527, 4
69.755pt x 650.43pt>
File: 732a99_cheatbook_anudi287_files/figure-latex/unnamed-chunk-33-1.pdf Graph
ic file (type pdf)
<use 732a99_cheatbook_anudi287_files/figure-latex/unnamed-chunk-33-1.pdf>
Package pdftex.def Info: 732a99_cheatbook_anudi287_files/figure-latex/unnamed-c
hunk-33-1.pdf  used on input line 1740.
(pdftex.def)             Requested size: 469.75386pt x 650.4284pt.

Package xcolor Warning: Incompatible color definition on input line 1742.

[35] [36 <./732a99_cheatbook_anudi287_files/figure-latex/unnamed-chunk-33-1.pdf
>]

Package xcolor Warning: Incompatible color definition on input line 1746.


Package xcolor Warning: Incompatible color definition on input line 1746.

<732a99_cheatbook_anudi287_files/figure-latex/unnamed-chunk-33-2.pdf, id=543, 4
69.755pt x 650.43pt>
File: 732a99_cheatbook_anudi287_files/figure-latex/unnamed-chunk-33-2.pdf Graph
ic file (type pdf)
<use 732a99_cheatbook_anudi287_files/figure-latex/unnamed-chunk-33-2.pdf>
Package pdftex.def Info: 732a99_cheatbook_anudi287_files/figure-latex/unnamed-c
hunk-33-2.pdf  used on input line 1748.
(pdftex.def)             Requested size: 469.75386pt x 650.4284pt.
[37]

Package xcolor Warning: Incompatible color definition on input line 1753.

[38 <./732a99_cheatbook_anudi287_files/figure-latex/unnamed-chunk-33-2.pdf>]

Package xcolor Warning: Incompatible color definition on input line 1758.


Package xcolor Warning: Incompatible color definition on input line 1758.


Package xcolor Warning: Incompatible color definition on input line 1764.


Package xcolor Warning: Incompatible color definition on input line 1775.


Package xcolor Warning: Incompatible color definition on input line 1775.


Package xcolor Warning: Incompatible color definition on input line 1804.


Package xcolor Warning: Incompatible color definition on input line 1811.


Package xcolor Warning: Incompatible color definition on input line 1811.

[39]

Package xcolor Warning: Incompatible color definition on input line 1846.


Package xcolor Warning: Incompatible color definition on input line 1860.


Package xcolor Warning: Incompatible color definition on input line 1860.

[40]

Package xcolor Warning: Incompatible color definition on input line 1908.


Package xcolor Warning: Incompatible color definition on input line 1915.


Package xcolor Warning: Incompatible color definition on input line 1915.


Package xcolor Warning: Incompatible color definition on input line 1951.


Package xcolor Warning: Incompatible color definition on input line 1965.


Package xcolor Warning: Incompatible color definition on input line 1965.


Package xcolor Warning: Incompatible color definition on input line 1965.

[41]

Package xcolor Warning: Incompatible color definition on input line 1965.


Package xcolor Warning: Incompatible color definition on input line 1965.


Package xcolor Warning: Incompatible color definition on input line 1993.


Package xcolor Warning: Incompatible color definition on input line 1997.


Package xcolor Warning: Incompatible color definition on input line 1997.

<732a99_cheatbook_anudi287_files/figure-latex/unnamed-chunk-37-1.pdf, id=578, 4
69.755pt x 325.215pt>
File: 732a99_cheatbook_anudi287_files/figure-latex/unnamed-chunk-37-1.pdf Graph
ic file (type pdf)
<use 732a99_cheatbook_anudi287_files/figure-latex/unnamed-chunk-37-1.pdf>
Package pdftex.def Info: 732a99_cheatbook_anudi287_files/figure-latex/unnamed-c
hunk-37-1.pdf  used on input line 1999.
(pdftex.def)             Requested size: 469.75386pt x 325.2142pt.

Package xcolor Warning: Incompatible color definition on input line 2001.

[42]

Package xcolor Warning: Incompatible color definition on input line 2006.


Package xcolor Warning: Incompatible color definition on input line 2006.


Package xcolor Warning: Incompatible color definition on input line 2012.


Package xcolor Warning: Incompatible color definition on input line 2019.


Package xcolor Warning: Incompatible color definition on input line 2019.

<732a99_cheatbook_anudi287_files/figure-latex/unnamed-chunk-37-2.pdf, id=583, 4
69.755pt x 325.215pt>
File: 732a99_cheatbook_anudi287_files/figure-latex/unnamed-chunk-37-2.pdf Graph
ic file (type pdf)
<use 732a99_cheatbook_anudi287_files/figure-latex/unnamed-chunk-37-2.pdf>
Package pdftex.def Info: 732a99_cheatbook_anudi287_files/figure-latex/unnamed-c
hunk-37-2.pdf  used on input line 2021.
(pdftex.def)             Requested size: 469.75386pt x 325.2142pt.
[43 <./732a99_cheatbook_anudi287_files/figure-latex/unnamed-chunk-37-1.pdf>]

Package xcolor Warning: Incompatible color definition on input line 2033.


Package xcolor Warning: Incompatible color definition on input line 2048.


Package xcolor Warning: Incompatible color definition on input line 2048.

[44 <./732a99_cheatbook_anudi287_files/figure-latex/unnamed-chunk-37-2.pdf>]

Package xcolor Warning: Incompatible color definition on input line 2070.


Package xcolor Warning: Incompatible color definition on input line 2088.


Package xcolor Warning: Incompatible color definition on input line 2088.

<732a99_cheatbook_anudi287_files/figure-latex/unnamed-chunk-38-1.pdf, id=608, 4
69.755pt x 325.215pt>
File: 732a99_cheatbook_anudi287_files/figure-latex/unnamed-chunk-38-1.pdf Graph
ic file (type pdf)
<use 732a99_cheatbook_anudi287_files/figure-latex/unnamed-chunk-38-1.pdf>
Package pdftex.def Info: 732a99_cheatbook_anudi287_files/figure-latex/unnamed-c
hunk-38-1.pdf  used on input line 2090.
(pdftex.def)             Requested size: 469.75386pt x 325.2142pt.

Package xcolor Warning: Incompatible color definition on input line 2092.


Package xcolor Warning: Incompatible color definition on input line 2102.


Package xcolor Warning: Incompatible color definition on input line 2102.


Package xcolor Warning: Incompatible color definition on input line 2102.

[45 <./732a99_cheatbook_anudi287_files/figure-latex/unnamed-chunk-38-1.pdf>]

Package xcolor Warning: Incompatible color definition on input line 2102.


Package xcolor Warning: Incompatible color definition on input line 2102.

<732a99_cheatbook_anudi287_files/figure-latex/unnamed-chunk-38-2.pdf, id=618, 4
69.755pt x 325.215pt>
File: 732a99_cheatbook_anudi287_files/figure-latex/unnamed-chunk-38-2.pdf Graph
ic file (type pdf)
<use 732a99_cheatbook_anudi287_files/figure-latex/unnamed-chunk-38-2.pdf>
Package pdftex.def Info: 732a99_cheatbook_anudi287_files/figure-latex/unnamed-c
hunk-38-2.pdf  used on input line 2104.
(pdftex.def)             Requested size: 469.75386pt x 325.2142pt.

Package xcolor Warning: Incompatible color definition on input line 2106.


Package xcolor Warning: Incompatible color definition on input line 2115.


Package xcolor Warning: Incompatible color definition on input line 2115.

<732a99_cheatbook_anudi287_files/figure-latex/unnamed-chunk-38-3.pdf, id=619, 4
69.755pt x 325.215pt>
File: 732a99_cheatbook_anudi287_files/figure-latex/unnamed-chunk-38-3.pdf Graph
ic file (type pdf)
<use 732a99_cheatbook_anudi287_files/figure-latex/unnamed-chunk-38-3.pdf>
Package pdftex.def Info: 732a99_cheatbook_anudi287_files/figure-latex/unnamed-c
hunk-38-3.pdf  used on input line 2117.
(pdftex.def)             Requested size: 469.75386pt x 325.2142pt.
[46 <./732a99_cheatbook_anudi287_files/figure-latex/unnamed-chunk-38-2.pdf>]

Package xcolor Warning: Incompatible color definition on input line 2122.


Package xcolor Warning: Incompatible color definition on input line 2137.


Package xcolor Warning: Incompatible color definition on input line 2137.

<732a99_cheatbook_anudi287_files/figure-latex/unnamed-chunk-39-1.pdf, id=629, 4
69.755pt x 325.215pt>
File: 732a99_cheatbook_anudi287_files/figure-latex/unnamed-chunk-39-1.pdf Graph
ic file (type pdf)
<use 732a99_cheatbook_anudi287_files/figure-latex/unnamed-chunk-39-1.pdf>
Package pdftex.def Info: 732a99_cheatbook_anudi287_files/figure-latex/unnamed-c
hunk-39-1.pdf  used on input line 2139.
(pdftex.def)             Requested size: 469.75386pt x 325.2142pt.

Package xcolor Warning: Incompatible color definition on input line 2141.

[47 <./732a99_cheatbook_anudi287_files/figure-latex/unnamed-chunk-38-3.pdf>]

Package xcolor Warning: Incompatible color definition on input line 2147.


Package xcolor Warning: Incompatible color definition on input line 2147.

<732a99_cheatbook_anudi287_files/figure-latex/unnamed-chunk-39-2.pdf, id=642, 4
69.755pt x 325.215pt>
File: 732a99_cheatbook_anudi287_files/figure-latex/unnamed-chunk-39-2.pdf Graph
ic file (type pdf)
<use 732a99_cheatbook_anudi287_files/figure-latex/unnamed-chunk-39-2.pdf>
Package pdftex.def Info: 732a99_cheatbook_anudi287_files/figure-latex/unnamed-c
hunk-39-2.pdf  used on input line 2149.
(pdftex.def)             Requested size: 469.75386pt x 325.2142pt.

Package xcolor Warning: Incompatible color definition on input line 2151.

[48 <./732a99_cheatbook_anudi287_files/figure-latex/unnamed-chunk-39-1.pdf>]

Package xcolor Warning: Incompatible color definition on input line 2156.


Package xcolor Warning: Incompatible color definition on input line 2156.


Package xcolor Warning: Incompatible color definition on input line 2185.


Package xcolor Warning: Incompatible color definition on input line 2203.


Package xcolor Warning: Incompatible color definition on input line 2203.


Overfull \vbox (0.36316pt too high) detected at line 2203
 []


Package xcolor Warning: Incompatible color definition on input line 2203.

[49 <./732a99_cheatbook_anudi287_files/figure-latex/unnamed-chunk-39-2.pdf>]

Package xcolor Warning: Incompatible color definition on input line 2203.


Package xcolor Warning: Incompatible color definition on input line 2203.


Package xcolor Warning: Incompatible color definition on input line 2241.


Package xcolor Warning: Incompatible color definition on input line 2248.


Package xcolor Warning: Incompatible color definition on input line 2248.

<732a99_cheatbook_anudi287_files/figure-latex/unnamed-chunk-40-1.pdf, id=664, 4
69.755pt x 325.215pt>
File: 732a99_cheatbook_anudi287_files/figure-latex/unnamed-chunk-40-1.pdf Graph
ic file (type pdf)
<use 732a99_cheatbook_anudi287_files/figure-latex/unnamed-chunk-40-1.pdf>
Package pdftex.def Info: 732a99_cheatbook_anudi287_files/figure-latex/unnamed-c
hunk-40-1.pdf  used on input line 2250.
(pdftex.def)             Requested size: 469.75386pt x 325.2142pt.

Package xcolor Warning: Incompatible color definition on input line 2252.

[50]

Package xcolor Warning: Incompatible color definition on input line 2257.


Package xcolor Warning: Incompatible color definition on input line 2257.

<732a99_cheatbook_anudi287_files/figure-latex/unnamed-chunk-40-2.pdf, id=669, 4
69.755pt x 325.215pt>
File: 732a99_cheatbook_anudi287_files/figure-latex/unnamed-chunk-40-2.pdf Graph
ic file (type pdf)
<use 732a99_cheatbook_anudi287_files/figure-latex/unnamed-chunk-40-2.pdf>
Package pdftex.def Info: 732a99_cheatbook_anudi287_files/figure-latex/unnamed-c
hunk-40-2.pdf  used on input line 2259.
(pdftex.def)             Requested size: 469.75386pt x 325.2142pt.

Package xcolor Warning: Incompatible color definition on input line 2261.

[51 <./732a99_cheatbook_anudi287_files/figure-latex/unnamed-chunk-40-1.pdf>]

Package xcolor Warning: Incompatible color definition on input line 2272.


Package xcolor Warning: Incompatible color definition on input line 2272.

<732a99_cheatbook_anudi287_files/figure-latex/unnamed-chunk-40-3.pdf, id=680, 4
69.755pt x 325.215pt>
File: 732a99_cheatbook_anudi287_files/figure-latex/unnamed-chunk-40-3.pdf Graph
ic file (type pdf)
<use 732a99_cheatbook_anudi287_files/figure-latex/unnamed-chunk-40-3.pdf>
Package pdftex.def Info: 732a99_cheatbook_anudi287_files/figure-latex/unnamed-c
hunk-40-3.pdf  used on input line 2274.
(pdftex.def)             Requested size: 469.75386pt x 325.2142pt.
[52 <./732a99_cheatbook_anudi287_files/figure-latex/unnamed-chunk-40-2.pdf>]

Package xcolor Warning: Incompatible color definition on input line 2280.


Package xcolor Warning: Incompatible color definition on input line 2312.


Package xcolor Warning: Incompatible color definition on input line 2312.


Package xcolor Warning: Incompatible color definition on input line 2312.

[53 <./732a99_cheatbook_anudi287_files/figure-latex/unnamed-chunk-40-3.pdf>]

Package xcolor Warning: Incompatible color definition on input line 2312.


Package xcolor Warning: Incompatible color definition on input line 2312.


Overfull \hbox (65.74342pt too wide) in paragraph at lines 2324--2324
[]\T1/lmtt/m/n/10 ##               feature            P_value         BH j m BH
manual_base BHmanual_alpha BHsignif_alpha[] 
 []


Overfull \hbox (65.74342pt too wide) in paragraph at lines 2324--2324
[]\T1/lmtt/m/n/10 ## 1           Temp_lag2 0.0115236887215172 0.09218951 1 8   
      0.125        0.01875           TRUE[] 
 []


Overfull \hbox (65.74342pt too wide) in paragraph at lines 2324--2324
[]\T1/lmtt/m/n/10 ## 2           Temp_lag1 0.0420408154818533 0.16816326 2 8   
      0.250        0.03750           TRUE[] 
 []


Overfull \hbox (65.74342pt too wide) in paragraph at lines 2324--2324
[]\T1/lmtt/m/n/10 ## 3           Influenza  0.200156779620115 0.47397535 3 8   
      0.375        0.05625          FALSE[] 
 []


Overfull \hbox (65.74342pt too wide) in paragraph at lines 2324--2324
[]\T1/lmtt/m/n/10 ## 4 Temperature.deficit  0.236987673201419 0.47397535 4 8   
      0.500        0.07500          FALSE[] 
 []


Overfull \hbox (65.74342pt too wide) in paragraph at lines 2324--2324
[]\T1/lmtt/m/n/10 ## 5      Influenza_lag2   0.50765830191299 0.79266727 5 8   
      0.625        0.09375          FALSE[] 
 []


Overfull \hbox (65.74342pt too wide) in paragraph at lines 2324--2324
[]\T1/lmtt/m/n/10 ## 6      Influenza_lag1  0.594500451143646 0.79266727 6 8   
      0.750        0.11250          FALSE[] 
 []


Overfull \hbox (65.74342pt too wide) in paragraph at lines 2324--2324
[]\T1/lmtt/m/n/10 ## 7           Mortality  0.977326166688916 1.00000000 7 8   
      0.875        0.13125          FALSE[] 
 []


Overfull \hbox (65.74342pt too wide) in paragraph at lines 2324--2324
[]\T1/lmtt/m/n/10 ## 8                Week                  1 1.00000000 8 8   
      1.000        0.15000          FALSE[] 
 []


Package xcolor Warning: Incompatible color definition on input line 2326.


Package xcolor Warning: Incompatible color definition on input line 2345.


Package xcolor Warning: Incompatible color definition on input line 2345.


Package xcolor Warning: Incompatible color definition on input line 2351.


Package xcolor Warning: Incompatible color definition on input line 2358.


Package xcolor Warning: Incompatible color definition on input line 2358.

[54]

Package xcolor Warning: Incompatible color definition on input line 2407.


Package xcolor Warning: Incompatible color definition on input line 2450.


Package xcolor Warning: Incompatible color definition on input line 2450.


Package xcolor Warning: Incompatible color definition on input line 2450.

[55]

Package xcolor Warning: Incompatible color definition on input line 2450.


Package xcolor Warning: Incompatible color definition on input line 2450.

<732a99_cheatbook_anudi287_files/figure-latex/unnamed-chunk-42-1.pdf, id=711, 4
69.755pt x 325.215pt>
File: 732a99_cheatbook_anudi287_files/figure-latex/unnamed-chunk-42-1.pdf Graph
ic file (type pdf)
<use 732a99_cheatbook_anudi287_files/figure-latex/unnamed-chunk-42-1.pdf>
Package pdftex.def Info: 732a99_cheatbook_anudi287_files/figure-latex/unnamed-c
hunk-42-1.pdf  used on input line 2452.
(pdftex.def)             Requested size: 469.75386pt x 325.2142pt.

Package xcolor Warning: Incompatible color definition on input line 2458.


Package xcolor Warning: Incompatible color definition on input line 2511.


Package xcolor Warning: Incompatible color definition on input line 2511.


Package xcolor Warning: Incompatible color definition on input line 2511.

[56 <./732a99_cheatbook_anudi287_files/figure-latex/unnamed-chunk-42-1.pdf>]

Package xcolor Warning: Incompatible color definition on input line 2511.


Package xcolor Warning: Incompatible color definition on input line 2511.


Overfull \hbox (28.99353pt too wide) in paragraph at lines 2515--2515
[]\T1/lmtt/m/n/10 ## Warning in envelope(pred_para, level = 0.95): unable to ac
hieve requested overall error rate[] 
 []


Package xcolor Warning: Incompatible color definition on input line 2517.


Package xcolor Warning: Incompatible color definition on input line 2539.


Package xcolor Warning: Incompatible color definition on input line 2539.


Underfull \vbox (badness 4805) detected at line 2539
 []


Package xcolor Warning: Incompatible color definition on input line 2539.

[57]

Package xcolor Warning: Incompatible color definition on input line 2539.


Package xcolor Warning: Incompatible color definition on input line 2539.

<732a99_cheatbook_anudi287_files/figure-latex/unnamed-chunk-43-1.pdf, id=729, 4
69.755pt x 325.215pt>
File: 732a99_cheatbook_anudi287_files/figure-latex/unnamed-chunk-43-1.pdf Graph
ic file (type pdf)
<use 732a99_cheatbook_anudi287_files/figure-latex/unnamed-chunk-43-1.pdf>
Package pdftex.def Info: 732a99_cheatbook_anudi287_files/figure-latex/unnamed-c
hunk-43-1.pdf  used on input line 2541.
(pdftex.def)             Requested size: 469.75386pt x 325.2142pt.

Package xcolor Warning: Incompatible color definition on input line 2550.


Package xcolor Warning: Incompatible color definition on input line 2660.


Package xcolor Warning: Incompatible color definition on input line 2660.


Package xcolor Warning: Incompatible color definition on input line 2660.

[58 <./732a99_cheatbook_anudi287_files/figure-latex/unnamed-chunk-43-1.pdf>]

Package xcolor Warning: Incompatible color definition on input line 2660.


Package xcolor Warning: Incompatible color definition on input line 2660.


Underfull \vbox (badness 10000) detected at line 2660
 []


Underfull \vbox (badness 10000) detected at line 2660
 []


Package xcolor Warning: Incompatible color definition on input line 2660.

[59]

Package xcolor Warning: Incompatible color definition on input line 2660.


Package xcolor Warning: Incompatible color definition on input line 2660.

<732a99_cheatbook_anudi287_files/figure-latex/unnamed-chunk-44-1.pdf, id=748, 4
69.755pt x 325.215pt>
File: 732a99_cheatbook_anudi287_files/figure-latex/unnamed-chunk-44-1.pdf Graph
ic file (type pdf)
<use 732a99_cheatbook_anudi287_files/figure-latex/unnamed-chunk-44-1.pdf>
Package pdftex.def Info: 732a99_cheatbook_anudi287_files/figure-latex/unnamed-c
hunk-44-1.pdf  used on input line 2666.
(pdftex.def)             Requested size: 469.75386pt x 325.2142pt.
[60]

Package xcolor Warning: Incompatible color definition on input line 2671.


Package xcolor Warning: Incompatible color definition on input line 2745.


Package xcolor Warning: Incompatible color definition on input line 2745.


Package xcolor Warning: Incompatible color definition on input line 2745.

[61 <./732a99_cheatbook_anudi287_files/figure-latex/unnamed-chunk-44-1.pdf>]

Package xcolor Warning: Incompatible color definition on input line 2745.


Package xcolor Warning: Incompatible color definition on input line 2745.

[62]

Package xcolor Warning: Incompatible color definition on input line 2776.


Package xcolor Warning: Incompatible color definition on input line 2825.


Package xcolor Warning: Incompatible color definition on input line 2825.


Package xcolor Warning: Incompatible color definition on input line 2825.

[63]

Package xcolor Warning: Incompatible color definition on input line 2825.


Package xcolor Warning: Incompatible color definition on input line 2825.

<732a99_cheatbook_anudi287_files/figure-latex/unnamed-chunk-46-1.pdf, id=775, 4
69.755pt x 325.215pt>
File: 732a99_cheatbook_anudi287_files/figure-latex/unnamed-chunk-46-1.pdf Graph
ic file (type pdf)
<use 732a99_cheatbook_anudi287_files/figure-latex/unnamed-chunk-46-1.pdf>
Package pdftex.def Info: 732a99_cheatbook_anudi287_files/figure-latex/unnamed-c
hunk-46-1.pdf  used on input line 2827.
(pdftex.def)             Requested size: 469.75386pt x 325.2142pt.

Package xcolor Warning: Incompatible color definition on input line 2829.


Package xcolor Warning: Incompatible color definition on input line 2928.


Package xcolor Warning: Incompatible color definition on input line 2928.


Underfull \vbox (badness 2790) detected at line 2928
 []


Package xcolor Warning: Incompatible color definition on input line 2928.

[64 <./732a99_cheatbook_anudi287_files/figure-latex/unnamed-chunk-46-1.pdf>]

Package xcolor Warning: Incompatible color definition on input line 2928.


Package xcolor Warning: Incompatible color definition on input line 2928.


Underfull \vbox (badness 10000) detected at line 2928
 []


Underfull \vbox (badness 10000) detected at line 2928
 []


Package xcolor Warning: Incompatible color definition on input line 2928.

[65]

Package xcolor Warning: Incompatible color definition on input line 2928.


Package xcolor Warning: Incompatible color definition on input line 2928.


Package xcolor Warning: Incompatible color definition on input line 2939.


Package xcolor Warning: Incompatible color definition on input line 2947.


Package xcolor Warning: Incompatible color definition on input line 2947.

<732a99_cheatbook_anudi287_files/figure-latex/unnamed-chunk-47-1.pdf, id=789, 4
69.755pt x 325.215pt>
File: 732a99_cheatbook_anudi287_files/figure-latex/unnamed-chunk-47-1.pdf Graph
ic file (type pdf)
<use 732a99_cheatbook_anudi287_files/figure-latex/unnamed-chunk-47-1.pdf>
Package pdftex.def Info: 732a99_cheatbook_anudi287_files/figure-latex/unnamed-c
hunk-47-1.pdf  used on input line 2949.
(pdftex.def)             Requested size: 469.75386pt x 325.2142pt.

Package xcolor Warning: Incompatible color definition on input line 2951.

[66]

Package xcolor Warning: Incompatible color definition on input line 2956.


Package xcolor Warning: Incompatible color definition on input line 2956.


Package xcolor Warning: Incompatible color definition on input line 2962.


Package xcolor Warning: Incompatible color definition on input line 2966.


Package xcolor Warning: Incompatible color definition on input line 2966.


Package xcolor Warning: Incompatible color definition on input line 2972.


Package xcolor Warning: Incompatible color definition on input line 2976.


Package xcolor Warning: Incompatible color definition on input line 2976.


Package xcolor Warning: Incompatible color definition on input line 2982.


Package xcolor Warning: Incompatible color definition on input line 2986.


Package xcolor Warning: Incompatible color definition on input line 2986.


Package xcolor Warning: Incompatible color definition on input line 2992.


Package xcolor Warning: Incompatible color definition on input line 2996.


Package xcolor Warning: Incompatible color definition on input line 2996.


Package xcolor Warning: Incompatible color definition on input line 3002.


Package xcolor Warning: Incompatible color definition on input line 3006.


Package xcolor Warning: Incompatible color definition on input line 3006.


Package xcolor Warning: Incompatible color definition on input line 3012.


Package xcolor Warning: Incompatible color definition on input line 3016.


Package xcolor Warning: Incompatible color definition on input line 3016.


Package xcolor Warning: Incompatible color definition on input line 3022.


Package xcolor Warning: Incompatible color definition on input line 3026.


Package xcolor Warning: Incompatible color definition on input line 3026.


Package xcolor Warning: Incompatible color definition on input line 3032.

[67 <./732a99_cheatbook_anudi287_files/figure-latex/unnamed-chunk-47-1.pdf>]

Package xcolor Warning: Incompatible color definition on input line 3036.


Package xcolor Warning: Incompatible color definition on input line 3036.


Package xcolor Warning: Incompatible color definition on input line 3042.


Package xcolor Warning: Incompatible color definition on input line 3046.


Package xcolor Warning: Incompatible color definition on input line 3046.


Package xcolor Warning: Incompatible color definition on input line 3055.


Package xcolor Warning: Incompatible color definition on input line 3059.


Package xcolor Warning: Incompatible color definition on input line 3059.


Package xcolor Warning: Incompatible color definition on input line 3065.


Package xcolor Warning: Incompatible color definition on input line 3069.


Package xcolor Warning: Incompatible color definition on input line 3069.


Package xcolor Warning: Incompatible color definition on input line 3077.


Package xcolor Warning: Incompatible color definition on input line 3081.


Package xcolor Warning: Incompatible color definition on input line 3081.


Package xcolor Warning: Incompatible color definition on input line 3089.


Package xcolor Warning: Incompatible color definition on input line 3093.


Package xcolor Warning: Incompatible color definition on input line 3093.


Package xcolor Warning: Incompatible color definition on input line 3101.


Package xcolor Warning: Incompatible color definition on input line 3105.


Package xcolor Warning: Incompatible color definition on input line 3105.


Package xcolor Warning: Incompatible color definition on input line 3111.


Package xcolor Warning: Incompatible color definition on input line 3115.


Package xcolor Warning: Incompatible color definition on input line 3115.

[68]

Package xcolor Warning: Incompatible color definition on input line 3188.

[69]

Package xcolor Warning: Incompatible color definition on input line 3331.


Package xcolor Warning: Incompatible color definition on input line 3331.


Underfull \vbox (badness 3138) detected at line 3331
 []


Package xcolor Warning: Incompatible color definition on input line 3331.

[70]

Package xcolor Warning: Incompatible color definition on input line 3331.


Package xcolor Warning: Incompatible color definition on input line 3331.


Underfull \vbox (badness 10000) detected at line 3331
 []


Underfull \vbox (badness 10000) detected at line 3331
 []


Package xcolor Warning: Incompatible color definition on input line 3331.

[71]

Package xcolor Warning: Incompatible color definition on input line 3331.


Package xcolor Warning: Incompatible color definition on input line 3331.


Package xcolor Warning: Incompatible color definition on input line 3335.


Package xcolor Warning: Incompatible color definition on input line 3339.


Package xcolor Warning: Incompatible color definition on input line 3339.


Package xcolor Warning: Incompatible color definition on input line 3344.


Package xcolor Warning: Incompatible color definition on input line 3348.


Package xcolor Warning: Incompatible color definition on input line 3348.

<./Kernel1.png, id=829, 508.90125pt x 406.01688pt>
File: ./Kernel1.png Graphic file (type png)
<use ./Kernel1.png>
Package pdftex.def Info: ./Kernel1.png  used on input line 3350.
(pdftex.def)             Requested size: 508.91553pt x 406.02826pt.

Overfull \hbox (39.1605pt too wide) in paragraph at lines 3350--3351
[][] 
 []


Package xcolor Warning: Incompatible color definition on input line 3352.

[72]

Package xcolor Warning: Incompatible color definition on input line 3356.


Package xcolor Warning: Incompatible color definition on input line 3356.

<./Kernel2.png, id=836, 501.37312pt x 367.87437pt>
File: ./Kernel2.png Graphic file (type png)
<use ./Kernel2.png>
Package pdftex.def Info: ./Kernel2.png  used on input line 3358.
(pdftex.def)             Requested size: 501.41013pt x 367.90152pt.

Overfull \hbox (31.6551pt too wide) in paragraph at lines 3358--3359
[][] 
 []


Package xcolor Warning: Incompatible color definition on input line 3360.

[73 <./Kernel1.png>]

Package xcolor Warning: Incompatible color definition on input line 3364.


Package xcolor Warning: Incompatible color definition on input line 3364.

<./Kernel3.png, id=843, 485.815pt x 403.5075pt>
File: ./Kernel3.png Graphic file (type png)
<use ./Kernel3.png>
Package pdftex.def Info: ./Kernel3.png  used on input line 3366.
(pdftex.def)             Requested size: 485.82121pt x 403.51266pt.

Overfull \hbox (16.0662pt too wide) in paragraph at lines 3366--3367
[][] 
 []


Package xcolor Warning: Incompatible color definition on input line 3368.

[74 <./Kernel2.png>]

Package xcolor Warning: Incompatible color definition on input line 3372.


Package xcolor Warning: Incompatible color definition on input line 3372.

<./Kernel4.png, id=849, 506.89375pt x 362.35374pt>
File: ./Kernel4.png Graphic file (type png)
<use ./Kernel4.png>
Package pdftex.def Info: ./Kernel4.png  used on input line 3374.
(pdftex.def)             Requested size: 506.90024pt x 362.35838pt.

Overfull \hbox (37.14522pt too wide) in paragraph at lines 3374--3375
[][] 
 []


Package xcolor Warning: Incompatible color definition on input line 3376.

[75 <./Kernel3.png>]

Package xcolor Warning: Incompatible color definition on input line 3380.


Package xcolor Warning: Incompatible color definition on input line 3380.

<./Kernel5.png, id=855, 523.45563pt x 404.00937pt>
File: ./Kernel5.png Graphic file (type png)
<use ./Kernel5.png>
Package pdftex.def Info: ./Kernel5.png  used on input line 3382.
(pdftex.def)             Requested size: 523.46233pt x 404.01454pt.

Overfull \hbox (53.7073pt too wide) in paragraph at lines 3382--3383
[][] 
 []


Package xcolor Warning: Incompatible color definition on input line 3384.

[76 <./Kernel4.png>]

Package xcolor Warning: Incompatible color definition on input line 3388.


Package xcolor Warning: Incompatible color definition on input line 3388.

<./Kernel6.png, id=861, 501.875pt x 402.00188pt>
File: ./Kernel6.png Graphic file (type png)
<use ./Kernel6.png>
Package pdftex.def Info: ./Kernel6.png  used on input line 3390.
(pdftex.def)             Requested size: 501.87376pt x 402.00089pt.

Overfull \hbox (32.11874pt too wide) in paragraph at lines 3390--3391
[][] 
 []


Package xcolor Warning: Incompatible color definition on input line 3392.

[77 <./Kernel5.png>]

Package xcolor Warning: Incompatible color definition on input line 3396.


Package xcolor Warning: Incompatible color definition on input line 3396.

<./Kernel7.png, id=867, 498.36188pt x 390.96063pt>
File: ./Kernel7.png Graphic file (type png)
<use ./Kernel7.png>
Package pdftex.def Info: ./Kernel7.png  used on input line 3398.
(pdftex.def)             Requested size: 498.38347pt x 390.97755pt.

Overfull \hbox (28.62845pt too wide) in paragraph at lines 3398--3399
[][]
 []

[78 <./Kernel6.png>]

Package xcolor Warning: Incompatible color definition on input line 3400.


Package xcolor Warning: Incompatible color definition on input line 3404.


Package xcolor Warning: Incompatible color definition on input line 3404.

<./SVM1.png, id=873, 499.8675pt x 398.99063pt>
File: ./SVM1.png Graphic file (type png)
<use ./SVM1.png>
Package pdftex.def Info: ./SVM1.png  used on input line 3406.
(pdftex.def)             Requested size: 499.88914pt x 399.0079pt.

Overfull \hbox (30.13412pt too wide) in paragraph at lines 3406--3407
[][] 
 []


Package xcolor Warning: Incompatible color definition on input line 3408.

[79 <./Kernel7.png>]

Package xcolor Warning: Incompatible color definition on input line 3412.


Package xcolor Warning: Incompatible color definition on input line 3412.

<./SVM2.png, id=880, 253.44687pt x 345.79187pt>
File: ./SVM2.png Graphic file (type png)
<use ./SVM2.png>
Package pdftex.def Info: ./SVM2.png  used on input line 3414.
(pdftex.def)             Requested size: 253.4501pt x 345.79628pt.

Package xcolor Warning: Incompatible color definition on input line 3416.

[80 <./SVM1.png>]

Package xcolor Warning: Incompatible color definition on input line 3420.


Package xcolor Warning: Incompatible color definition on input line 3420.

<./SVM3.png, id=886, 491.8375pt x 389.95688pt>
File: ./SVM3.png Graphic file (type png)
<use ./SVM3.png>
Package pdftex.def Info: ./SVM3.png  used on input line 3422.
(pdftex.def)             Requested size: 491.8588pt x 389.97375pt.

Overfull \hbox (22.10378pt too wide) in paragraph at lines 3422--3423
[][] 
 []


Package xcolor Warning: Incompatible color definition on input line 3424.

[81 <./SVM2.png>]

Package xcolor Warning: Incompatible color definition on input line 3428.


Package xcolor Warning: Incompatible color definition on input line 3428.

<./SVM4.png, id=892, 486.81876pt x 397.98688pt>
File: ./SVM4.png Graphic file (type png)
<use ./SVM4.png>
Package pdftex.def Info: ./SVM4.png  used on input line 3430.
(pdftex.def)             Requested size: 486.83241pt x 397.99803pt.

Overfull \hbox (17.0774pt too wide) in paragraph at lines 3430--3431
[][] 
 []


Package xcolor Warning: Incompatible color definition on input line 3432.

[82 <./SVM3.png>]

Package xcolor Warning: Incompatible color definition on input line 3436.


Package xcolor Warning: Incompatible color definition on input line 3436.

<./SVM5.png, id=898, 501.37312pt x 400.49625pt>
File: ./SVM5.png Graphic file (type png)
<use ./SVM5.png>
Package pdftex.def Info: ./SVM5.png  used on input line 3438.
(pdftex.def)             Requested size: 501.40248pt x 400.5197pt.

Overfull \hbox (31.64746pt too wide) in paragraph at lines 3438--3439
[][] 
 []


Package xcolor Warning: Incompatible color definition on input line 3440.

[83 <./SVM4.png>]

Package xcolor Warning: Incompatible color definition on input line 3444.


Package xcolor Warning: Incompatible color definition on input line 3444.

<./SVM6.png, id=904, 506.89375pt x 399.4925pt>
File: ./SVM6.png Graphic file (type png)
<use ./SVM6.png>
Package pdftex.def Info: ./SVM6.png  used on input line 3446.
(pdftex.def)             Requested size: 506.91571pt x 399.5098pt.

Overfull \hbox (37.16069pt too wide) in paragraph at lines 3446--3447
[][] 
 []

Package atveryend Info: Empty hook `BeforeClearDocument' on input line 3449.
[84 <./SVM5.png>] [85 <./SVM6.png>]
Package atveryend Info: Empty hook `AfterLastShipout' on input line 3449.
(732a99_cheatbook_anudi287.aux)
Package atveryend Info: Executing hook `AtVeryEndDocument' on input line 3449.
Package atveryend Info: Executing hook `AtEndAfterFileList' on input line 3449.

Package rerunfilecheck Info: File `732a99_cheatbook_anudi287.out' has not chang
ed.
(rerunfilecheck)             Checksum: 119AA0BF3C0D5C7AF3DD9C74AA184AE4;11086.
Package atveryend Info: Empty hook `AtVeryVeryEnd' on input line 3449.
 ) 
Here is how much of TeX's memory you used:
 14934 strings out of 492973
 229711 string characters out of 3135932
 364640 words of memory out of 3000000
 18307 multiletter control sequences out of 15000+200000
 57164 words of font info for 69 fonts, out of 3000000 for 9000
 1141 hyphenation exceptions out of 8191
 34i,11n,38p,2467b,455s stack positions out of 5000i,500n,10000p,200000b,50000s
{C:/Program Files/MiKTeX 2.9/fonts/enc/dvips/lm/lm-mathsy.enc}{C:/Program Fil
es/MiKTeX 2.9/fonts/enc/dvips/lm/lm-mathit.enc}{C:/Program Files/MiKTeX 2.9/fon
ts/enc/dvips/lm/lm-rm.enc}{C:/Program Files/MiKTeX 2.9/fonts/enc/dvips/lm/lm-ma
thex.enc}{C:/Program Files/MiKTeX 2.9/fonts/enc/dvips/lm/lm-ts1.enc}{C:/Program
 Files/MiKTeX 2.9/fonts/enc/dvips/lm/lm-ec.enc}<C:/Program Files/MiKTeX 2.9/fon
ts/type1/public/lm/lmbx10.pfb><C:/Program Files/MiKTeX 2.9/fonts/type1/public/l
m/lmbx12.pfb><C:/Program Files/MiKTeX 2.9/fonts/type1/public/lm/lmbxi10.pfb><C:
/Program Files/MiKTeX 2.9/fonts/type1/public/lm/lmex10.pfb><C:/Program Files/Mi
KTeX 2.9/fonts/type1/public/lm/lmmi10.pfb><C:/Program Files/MiKTeX 2.9/fonts/ty
pe1/public/lm/lmmi5.pfb><C:/Program Files/MiKTeX 2.9/fonts/type1/public/lm/lmmi
7.pfb><C:/Program Files/MiKTeX 2.9/fonts/type1/public/lm/lmr10.pfb><C:/Program 
Files/MiKTeX 2.9/fonts/type1/public/lm/lmr17.pfb><C:/Program Files/MiKTeX 2.9/f
onts/type1/public/lm/lmr7.pfb><C:/Program Files/MiKTeX 2.9/fonts/type1/public/l
m/lmri10.pfb><C:/Program Files/MiKTeX 2.9/fonts/type1/public/lm/lmri12.pfb><C:/
Program Files/MiKTeX 2.9/fonts/type1/public/lm/lmsy10.pfb><C:/Program Files/MiK
TeX 2.9/fonts/type1/public/lm/lmsy7.pfb><C:/Program Files/MiKTeX 2.9/fonts/type
1/public/lm/lmtk10.pfb><C:/Program Files/MiKTeX 2.9/fonts/type1/public/lm/lmtt1
0.pfb><C:/Program Files/MiKTeX 2.9/fonts/type1/public/lm/lmtti10.pfb>
Output written on 732a99_cheatbook_anudi287.pdf (85 pages, 1943398 bytes).
PDF statistics:
 1025 PDF objects out of 1200 (max. 8388607)
 207 named destinations out of 1000 (max. 500000)
 10804 words of extra memory for PDF output out of 12000 (max. 10000000)

